#@ # 
#@ # Running fm_shell Version L-2016.03-SP1 for linux64 -- Apr 13, 2016
#@ # Date:   Sat Sep 27 01:56:15 2025
#@ # Run by: IC@IC
#@ 

source /opt/Synopsys/Formality2016/admin/setup/.synopsys_fm.setup
#@ # -- Starting source /opt/Synopsys/Formality2016/admin/setup/.synopsys_fm.setup

#@ #
#@ # .synopsys_fm.setup: Initialization File for Formality
#@ #
#@ 
#@ 
#@ #
#@ # Enable stack trace output on fatal.  Not available for all architectures.
#@ #
#@ if { $sh_arch == "sparc" || $sh_arch == "sparcOS5" ||      $sh_arch == "hp700" || $sh_arch == "hpux10" } {
#@   set_unix_variable SYNOPSYS_TRACE ""
#@ }
#@ 
#@ #
#@ # Variable settings
#@ #
#@ set sh_new_variable_message true
#@ 
#@ #
#@ # Synopsys strongly recommends that you uncomment the following command
#@ # in order to set sh_command_abbrev_mode to the value "Command-Line-Only".
#@ # Command abbreviation is intended as an interactive convenience.  Using
#@ # abbreviations in scripts can cause commands to fail in subsequent releases.
#@ # 
#@ #set sh_command_abbrev_mode "Command-Line-Only"
#@ 
#@ #
#@ # Some useful aliases
#@ #
#@ alias list_commands		help
#@ 
#@ #
#@ # The alias of q to quit is commented out.  Remove the comment 
#@ # character if you want this alias.  Some users find that having 
#@ # this particular alias causes problems when mixed with page-mode
#@ # for reports - an accidental repeated 'q' not only cancels the
#@ # output but exits the tool.
#@ #
#@ #alias q quit
#@ # -- End source /opt/Synopsys/Formality2016/admin/setup/.synopsys_fm.setup

source -echo -verbose fm_script.tcl
#@ # -- Starting source fm_script.tcl

#@ 
#@ ############################  Search PATH ################################
#@ 
#@ lappend search_path /home/IC/Projects/std_cells
#@ lappend search_path /home/IC/Projects/rtl
#@ 
#@ 
#@ 
#@ ########################### Define Top Module ############################
#@ 
#@ set top_module SYS_TOP
#@ 
#@ ######################### Formality Setup File ###########################
#@ 
#@ set synopsys_auto_setup true
#@ 
#@ set_svf "../../syn/SYS_TOP.svf"
#@ 
#@ ####################### Read Reference tech libs ########################
#@ 
#@ 
#@ set SSLIB "scmetro_tsmc_cl013g_rvt_ss_1p08v_125c.db"
#@ set TTLIB "scmetro_tsmc_cl013g_rvt_tt_1p2v_25c.db"
#@ set FFLIB "scmetro_tsmc_cl013g_rvt_ff_1p32v_m40c.db"
#@ 
#@ read_db -container Ref [list $SSLIB $TTLIB $FFLIB]
#@ 
#@ ###################  Read Reference Design Files ######################## 
#@ read_verilog -container Ref "SYS_TOP.v"
#@ read_verilog -container Ref "sys_ctrl.v"
#@ read_verilog -container Ref "alu.v"
#@ read_verilog -container Ref "CLK_GATE.v"
#@ read_verilog -container Ref "reg_file.v"
#@ read_verilog -container Ref "reset_sync.v"
#@ read_verilog -container Ref "data_sync.v"
#@ read_verilog -container Ref "fifo_top.v"
#@ read_verilog -container Ref "fifo_wptr.v"
#@ read_verilog -container Ref "fifo_memory.v"
#@ read_verilog -container Ref "fifo_rptr.v"
#@ read_verilog -container Ref "BIT_SYNC.v"
#@ read_verilog -container Ref "pluse_gen.v"
#@ read_verilog -container Ref "UART_RX.v"
#@ read_verilog -container Ref "uart_rx_fsm.v"
#@ read_verilog -container Ref "edge_bit_counter.v"
#@ read_verilog -container Ref "data_sampling.v"
#@ read_verilog -container Ref "deserializer.v"
#@ read_verilog -container Ref "strt_chk.v"
#@ read_verilog -container Ref "par_chk.v"
#@ read_verilog -container Ref "stp_chk.v"
#@ read_verilog -container Ref "clock_divider.v"
#@ read_verilog -container Ref "pre_mux.v"
#@ read_verilog -container Ref "uart_tr.v"
#@ read_verilog -container Ref "fsm_uart.v"
#@ read_verilog -container Ref "mux4_1.v"
#@ read_verilog -container Ref "parity_calc.v"
#@ read_verilog -container Ref "serializer.v"
#@ 
#@ 
#@ ######################## set the top Reference Design ######################## 
#@ 
#@ set_reference_design SYS_TOP
#@ set_top SYS_TOP
#@ 
#@ ####################### Read Implementation tech libs ######################## 
#@ 
#@ read_db -container Imp [list $SSLIB $TTLIB $FFLIB]
#@ 
#@ #################### Read Implementation Design Files ######################## 
#@ 
#@ read_verilog -container Imp -netlist "$PROJECT_PATH/syn/System_Top_netlist.v"
#@ # -- End source fm_script.tcl

