                                        
                           Design Compiler Graphical 
                                 DC Ultra (TM)
                                  DFTMAX (TM)
                              Power Compiler (TM)
                                 DesignWare (R)
                                 DC Expert (TM)
                               Design Vision (TM)
                               HDL Compiler (TM)
                               VHDL Compiler (TM)
                                  DFT Compiler
                               Design Compiler(R)
                                        
                 Version K-2015.06 for linux64 - May 28, 2015 
                                        
                    Copyright (c) 1988 - 2015 Synopsys, Inc.
   This software and the associated documentation are proprietary to Synopsys,
 Inc. This software may only be used in accordance with the terms and conditions
 of a written license agreement with Synopsys, Inc. All other use, reproduction,
            or distribution of this software is strictly prohibited.
Initializing...
Initializing gui preferences from file  /home/IC/.synopsys_dv_prefs.tcl
set top_module SYS_TOP
SYS_TOP
define_design_lib work -path ./work
1
set_svf SYS_TOP.svf
1
lappend search_path /home/IC/Projects/std_cells
. /opt/Synopsys/Synplify2015/libraries/syn /opt/Synopsys/Synplify2015/minpower/syn /opt/Synopsys/Synplify2015/dw/syn_ver /opt/Synopsys/Synplify2015/dw/sim_ver /home/IC/Projects/std_cells
lappend search_path /home/IC/Projects/rtl
. /opt/Synopsys/Synplify2015/libraries/syn /opt/Synopsys/Synplify2015/minpower/syn /opt/Synopsys/Synplify2015/dw/syn_ver /opt/Synopsys/Synplify2015/dw/sim_ver /home/IC/Projects/std_cells /home/IC/Projects/rtl
set SSLIB "scmetro_tsmc_cl013g_rvt_ss_1p08v_125c.db"
scmetro_tsmc_cl013g_rvt_ss_1p08v_125c.db
set TTLIB "scmetro_tsmc_cl013g_rvt_tt_1p2v_25c.db"
scmetro_tsmc_cl013g_rvt_tt_1p2v_25c.db
set FFLIB "scmetro_tsmc_cl013g_rvt_ff_1p32v_m40c.db"
scmetro_tsmc_cl013g_rvt_ff_1p32v_m40c.db
set target_library [list $SSLIB $TTLIB $FFLIB]
scmetro_tsmc_cl013g_rvt_ss_1p08v_125c.db scmetro_tsmc_cl013g_rvt_tt_1p2v_25c.db scmetro_tsmc_cl013g_rvt_ff_1p32v_m40c.db
set link_library [list * $SSLIB $TTLIB $FFLIB] 
* scmetro_tsmc_cl013g_rvt_ss_1p08v_125c.db scmetro_tsmc_cl013g_rvt_tt_1p2v_25c.db scmetro_tsmc_cl013g_rvt_ff_1p32v_m40c.db
analyze -format verilog SYS_TOP.v
Running PRESTO HDLC
Compiling source file /home/IC/Projects/rtl/SYS_TOP.v
Presto compilation completed successfully.
Loading db file '/home/IC/Projects/std_cells/scmetro_tsmc_cl013g_rvt_ss_1p08v_125c.db'
Loading db file '/home/IC/Projects/std_cells/scmetro_tsmc_cl013g_rvt_tt_1p2v_25c.db'
Loading db file '/home/IC/Projects/std_cells/scmetro_tsmc_cl013g_rvt_ff_1p32v_m40c.db'
1
analyze -format verilog sys_ctrl.v
Running PRESTO HDLC
Compiling source file /home/IC/Projects/rtl/sys_ctrl.v
Presto compilation completed successfully.
1
analyze -format verilog alu.v
Running PRESTO HDLC
Compiling source file /home/IC/Projects/rtl/alu.v
Presto compilation completed successfully.
1
analyze -format verilog CLK_GATE.v
Running PRESTO HDLC
Compiling source file /home/IC/Projects/rtl/CLK_GATE.v
Presto compilation completed successfully.
1
analyze -format verilog reg_file.v
Running PRESTO HDLC
Compiling source file /home/IC/Projects/rtl/reg_file.v
Presto compilation completed successfully.
1
analyze -format verilog reset_sync.v
Running PRESTO HDLC
Compiling source file /home/IC/Projects/rtl/reset_sync.v
Presto compilation completed successfully.
1
analyze -format verilog data_sync.v
Running PRESTO HDLC
Compiling source file /home/IC/Projects/rtl/data_sync.v
Presto compilation completed successfully.
1
analyze -format verilog fifo_top.v
Running PRESTO HDLC
Compiling source file /home/IC/Projects/rtl/fifo_top.v
Presto compilation completed successfully.
1
analyze -format verilog fifo_wptr.v
Running PRESTO HDLC
Compiling source file /home/IC/Projects/rtl/fifo_wptr.v
Presto compilation completed successfully.
1
analyze -format verilog fifo_memory.v
Running PRESTO HDLC
Compiling source file /home/IC/Projects/rtl/fifo_memory.v
Presto compilation completed successfully.
1
analyze -format verilog fifo_rptr.v
Running PRESTO HDLC
Compiling source file /home/IC/Projects/rtl/fifo_rptr.v
Presto compilation completed successfully.
1
analyze -format verilog BIT_SYNC.v
Running PRESTO HDLC
Compiling source file /home/IC/Projects/rtl/BIT_SYNC.v
Presto compilation completed successfully.
1
analyze -format verilog pluse_gen.v
Running PRESTO HDLC
Compiling source file /home/IC/Projects/rtl/pluse_gen.v
Presto compilation completed successfully.
1
analyze -format verilog UART_RX.v
Running PRESTO HDLC
Compiling source file /home/IC/Projects/rtl/UART_RX.v
Presto compilation completed successfully.
1
analyze -format verilog uart_rx_fsm.v
Running PRESTO HDLC
Compiling source file /home/IC/Projects/rtl/uart_rx_fsm.v
Presto compilation completed successfully.
1
analyze -format verilog edge_bit_counter.v
Running PRESTO HDLC
Compiling source file /home/IC/Projects/rtl/edge_bit_counter.v
Presto compilation completed successfully.
1
analyze -format verilog data_sampling.v
Running PRESTO HDLC
Compiling source file /home/IC/Projects/rtl/data_sampling.v
Presto compilation completed successfully.
1
analyze -format verilog deserializer.v
Running PRESTO HDLC
Compiling source file /home/IC/Projects/rtl/deserializer.v
Presto compilation completed successfully.
1
analyze -format verilog strt_chk.v
Running PRESTO HDLC
Compiling source file /home/IC/Projects/rtl/strt_chk.v
Presto compilation completed successfully.
1
analyze -format verilog par_chk.v
Running PRESTO HDLC
Compiling source file /home/IC/Projects/rtl/par_chk.v
Presto compilation completed successfully.
1
analyze -format verilog stp_chk.v
Running PRESTO HDLC
Compiling source file /home/IC/Projects/rtl/stp_chk.v
Presto compilation completed successfully.
1
analyze -format verilog clock_divider.v
Running PRESTO HDLC
Compiling source file /home/IC/Projects/rtl/clock_divider.v
Presto compilation completed successfully.
1
analyze -format verilog pre_mux.v
Running PRESTO HDLC
Compiling source file /home/IC/Projects/rtl/pre_mux.v
Presto compilation completed successfully.
1
analyze -format verilog uart_tr.v
Running PRESTO HDLC
Compiling source file /home/IC/Projects/rtl/uart_tr.v
Presto compilation completed successfully.
1
analyze -format verilog fsm_uart.v
Running PRESTO HDLC
Compiling source file /home/IC/Projects/rtl/fsm_uart.v
Presto compilation completed successfully.
1
analyze -format verilog mux4_1.v
Running PRESTO HDLC
Compiling source file /home/IC/Projects/rtl/mux4_1.v
Presto compilation completed successfully.
1
analyze -format verilog parity_calc.v
Running PRESTO HDLC
Compiling source file /home/IC/Projects/rtl/parity_calc.v
Presto compilation completed successfully.
1
analyze -format verilog serializer.v
Running PRESTO HDLC
Compiling source file /home/IC/Projects/rtl/serializer.v
Presto compilation completed successfully.
1
analyze -format verilog mux2X1.v
Running PRESTO HDLC
Compiling source file /home/IC/Projects/rtl/mux2X1.v
Presto compilation completed successfully.
1
elaborate -lib WORK SYS_TOP
Loading db file '/opt/Synopsys/Synplify2015/libraries/syn/gtech.db'
Loading db file '/opt/Synopsys/Synplify2015/libraries/syn/standard.sldb'
  Loading link library 'scmetro_tsmc_cl013g_rvt_ss_1p08v_125c'
  Loading link library 'scmetro_tsmc_cl013g_rvt_tt_1p2v_25c'
  Loading link library 'scmetro_tsmc_cl013g_rvt_ff_1p32v_m40c'
  Loading link library 'gtech'
Running PRESTO HDLC
Presto compilation completed successfully.
Elaborated 1 design.
Current design is now 'SYS_TOP'.
Information: Building the design 'mux2X1'. (HDL-193)
Presto compilation completed successfully.
Information: Building the design 'sys_cnrt'. (HDL-193)

Statistics for case statements in always block at line 346 in file
	'/home/IC/Projects/rtl/sys_ctrl.v'
===============================================
|           Line           |  full/ parallel  |
===============================================
|           365            |    auto/auto     |
|           370            |     no/auto      |
===============================================

Inferred memory devices in process
	in routine sys_cnrt line 330 in file
		'/home/IC/Projects/rtl/sys_ctrl.v'.
===============================================================================
|    Register Name    |   Type    | Width | Bus | MB | AR | AS | SR | SS | ST |
===============================================================================
|  current_state_reg  | Flip-flop |   4   |  Y  | N  | Y  | N  | N  | N  | N  |
|   rx_d_vld_tt_reg   | Flip-flop |   1   |  N  | N  | Y  | N  | N  | N  | N  |
===============================================================================
Presto compilation completed successfully.
Information: Building the design 'alu'. (HDL-193)

Statistics for case statements in always block at line 32 in file
	'/home/IC/Projects/rtl/alu.v'
===============================================
|           Line           |  full/ parallel  |
===============================================
|            37            |    auto/auto     |
===============================================

Inferred memory devices in process
	in routine alu line 16 in file
		'/home/IC/Projects/rtl/alu.v'.
===============================================================================
|    Register Name    |   Type    | Width | Bus | MB | AR | AS | SR | SS | ST |
===============================================================================
|     alu_out_reg     | Flip-flop |   8   |  Y  | N  | Y  | N  | N  | N  | N  |
|    out_valid_reg    | Flip-flop |   1   |  N  | N  | Y  | N  | N  | N  | N  |
===============================================================================
Presto compilation completed successfully.
Information: Building the design 'CLK_GATE'. (HDL-193)
Presto compilation completed successfully.
Information: Building the design 'reg_file'. (HDL-193)

Inferred memory devices in process
	in routine reg_file line 27 in file
		'/home/IC/Projects/rtl/reg_file.v'.
===============================================================================
|    Register Name    |   Type    | Width | Bus | MB | AR | AS | SR | SS | ST |
===============================================================================
|     RdData_reg      | Flip-flop |   8   |  Y  | N  | Y  | N  | N  | N  | N  |
|  RdData_valid_reg   | Flip-flop |   1   |  N  | N  | Y  | N  | N  | N  | N  |
|     Regfile_reg     | Flip-flop |  61   |  Y  | N  | Y  | N  | N  | N  | N  |
|     Regfile_reg     | Flip-flop |   3   |  Y  | N  | N  | Y  | N  | N  | N  |
===============================================================================
Presto compilation completed successfully.
Information: Building the design 'reset_sync'. (HDL-193)

Inferred memory devices in process
	in routine reset_sync line 9 in file
		'/home/IC/Projects/rtl/reset_sync.v'.
===============================================================================
|    Register Name    |   Type    | Width | Bus | MB | AR | AS | SR | SS | ST |
===============================================================================
|     stages_reg      | Flip-flop |   2   |  Y  | N  | Y  | N  | N  | N  | N  |
===============================================================================
Presto compilation completed successfully.
Information: Building the design 'data_sync'. (HDL-193)

Inferred memory devices in process
	in routine data_sync line 16 in file
		'/home/IC/Projects/rtl/data_sync.v'.
===============================================================================
|    Register Name    |   Type    | Width | Bus | MB | AR | AS | SR | SS | ST |
===============================================================================
| reg_enable_bus_reg  | Flip-flop |   1   |  N  | N  | Y  | N  | N  | N  | N  |
|    reg_stage_reg    | Flip-flop |   2   |  Y  | N  | Y  | N  | N  | N  | N  |
|  reg_sync_bus_reg   | Flip-flop |   8   |  Y  | N  | Y  | N  | N  | N  | N  |
===============================================================================
Presto compilation completed successfully.
Information: Building the design 'fifo_top'. (HDL-193)
Presto compilation completed successfully.
Information: Building the design 'pluse_gen'. (HDL-193)

Inferred memory devices in process
	in routine pluse_gen line 10 in file
		'/home/IC/Projects/rtl/pluse_gen.v'.
===============================================================================
|    Register Name    |   Type    | Width | Bus | MB | AR | AS | SR | SS | ST |
===============================================================================
|     process_reg     | Flip-flop |   2   |  Y  | N  | Y  | N  | N  | N  | N  |
===============================================================================
Presto compilation completed successfully.
Information: Building the design 'UART_RX'. (HDL-193)
Presto compilation completed successfully.
Information: Building the design 'clock_divider'. (HDL-193)

Inferred memory devices in process
	in routine clock_divider line 27 in file
		'/home/IC/Projects/rtl/clock_divider.v'.
===============================================================================
|    Register Name    |   Type    | Width | Bus | MB | AR | AS | SR | SS | ST |
===============================================================================
|  odd_edge_tog_reg   | Flip-flop |   1   |  N  | N  | N  | Y  | N  | N  | N  |
|     div_clk_reg     | Flip-flop |   1   |  N  | N  | Y  | N  | N  | N  | N  |
|      count_reg      | Flip-flop |   7   |  Y  | N  | Y  | N  | N  | N  | N  |
===============================================================================
Presto compilation completed successfully.
Information: Building the design 'pre_mux'. (HDL-193)

Statistics for case statements in always block at line 6 in file
	'/home/IC/Projects/rtl/pre_mux.v'
===============================================
|           Line           |  full/ parallel  |
===============================================
|            8             |    auto/auto     |
===============================================
Presto compilation completed successfully.
Information: Building the design 'uart_tr'. (HDL-193)
Presto compilation completed successfully.
Information: Building the design 'fifo_wptr'. (HDL-193)

Inferred memory devices in process
	in routine fifo_wptr line 20 in file
		'/home/IC/Projects/rtl/fifo_wptr.v'.
===============================================================================
|    Register Name    |   Type    | Width | Bus | MB | AR | AS | SR | SS | ST |
===============================================================================
|     w_full_reg      | Flip-flop |   1   |  N  | N  | Y  | N  | N  | N  | N  |
|      wptr_reg       | Flip-flop |   4   |  Y  | N  | Y  | N  | N  | N  | N  |
|    c_counter_reg    | Flip-flop |   4   |  Y  | N  | Y  | N  | N  | N  | N  |
|     w_addr_reg      | Flip-flop |   3   |  Y  | N  | Y  | N  | N  | N  | N  |
===============================================================================
Presto compilation completed successfully.
Information: Building the design 'fifo_memory'. (HDL-193)

Inferred memory devices in process
	in routine fifo_memory line 16 in file
		'/home/IC/Projects/rtl/fifo_memory.v'.
===============================================================================
|    Register Name    |   Type    | Width | Bus | MB | AR | AS | SR | SS | ST |
===============================================================================
|     memory_reg      | Flip-flop |  64   |  Y  | N  | Y  | N  | N  | N  | N  |
===============================================================================
Statistics for MUX_OPs
===========================================================
| block name/line  | Inputs | Outputs | # sel inputs | MB |
===========================================================
|  fifo_memory/28  |   8    |    8    |      3       | N  |
===========================================================
Presto compilation completed successfully.
Information: Building the design 'fifo_rptr'. (HDL-193)

Inferred memory devices in process
	in routine fifo_rptr line 23 in file
		'/home/IC/Projects/rtl/fifo_rptr.v'.
===============================================================================
|    Register Name    |   Type    | Width | Bus | MB | AR | AS | SR | SS | ST |
===============================================================================
|     rd_ptr_reg      | Flip-flop |   4   |  Y  | N  | Y  | N  | N  | N  | N  |
===============================================================================

Inferred memory devices in process
	in routine fifo_rptr line 38 in file
		'/home/IC/Projects/rtl/fifo_rptr.v'.
===============================================================================
|    Register Name    |   Type    | Width | Bus | MB | AR | AS | SR | SS | ST |
===============================================================================
|   gray_rd_ptr_reg   | Flip-flop |   4   |  Y  | N  | Y  | N  | N  | N  | N  |
===============================================================================
Presto compilation completed successfully.
Information: Building the design 'BIT_SYNC'. (HDL-193)

Inferred memory devices in process
	in routine BIT_SYNC line 18 in file
		'/home/IC/Projects/rtl/BIT_SYNC.v'.
===============================================================================
|    Register Name    |   Type    | Width | Bus | MB | AR | AS | SR | SS | ST |
===============================================================================
|    sync_reg_reg     | Flip-flop |   8   |  Y  | N  | Y  | N  | N  | N  | N  |
===============================================================================
Presto compilation completed successfully.
Information: Building the design 'uart_rx_fsm' instantiated from design 'UART_RX' with
	the parameters "DATA_WIDTH=8". (HDL-193)

Statistics for case statements in always block at line 57 in file
	'/home/IC/Projects/rtl/uart_rx_fsm.v'
===============================================
|           Line           |  full/ parallel  |
===============================================
|            59            |    auto/auto     |
===============================================

Statistics for case statements in always block at line 148 in file
	'/home/IC/Projects/rtl/uart_rx_fsm.v'
===============================================
|           Line           |  full/ parallel  |
===============================================
|           157            |    auto/auto     |
===============================================

Inferred memory devices in process
	in routine uart_rx_fsm_DATA_WIDTH8 line 43 in file
		'/home/IC/Projects/rtl/uart_rx_fsm.v'.
===============================================================================
|    Register Name    |   Type    | Width | Bus | MB | AR | AS | SR | SS | ST |
===============================================================================
|  current_state_reg  | Flip-flop |   3   |  Y  | N  | Y  | N  | N  | N  | N  |
===============================================================================
Presto compilation completed successfully.
Information: Building the design 'edge_bit_counter'. (HDL-193)

Inferred memory devices in process
	in routine edge_bit_counter line 17 in file
		'/home/IC/Projects/rtl/edge_bit_counter.v'.
===============================================================================
|    Register Name    |   Type    | Width | Bus | MB | AR | AS | SR | SS | ST |
===============================================================================
|   edge_count_reg    | Flip-flop |   6   |  Y  | N  | Y  | N  | N  | N  | N  |
===============================================================================

Inferred memory devices in process
	in routine edge_bit_counter line 44 in file
		'/home/IC/Projects/rtl/edge_bit_counter.v'.
===============================================================================
|    Register Name    |   Type    | Width | Bus | MB | AR | AS | SR | SS | ST |
===============================================================================
|    bit_count_reg    | Flip-flop |   4   |  Y  | N  | Y  | N  | N  | N  | N  |
===============================================================================
Presto compilation completed successfully.
Information: Building the design 'data_sampling'. (HDL-193)

Statistics for case statements in always block at line 57 in file
	'/home/IC/Projects/rtl/data_sampling.v'
===============================================
|           Line           |  full/ parallel  |
===============================================
|            67            |    auto/auto     |
===============================================

Inferred memory devices in process
	in routine data_sampling line 25 in file
		'/home/IC/Projects/rtl/data_sampling.v'.
===============================================================================
|    Register Name    |   Type    | Width | Bus | MB | AR | AS | SR | SS | ST |
===============================================================================
|     Samples_reg     | Flip-flop |   3   |  Y  | N  | Y  | N  | N  | N  | N  |
===============================================================================

Inferred memory devices in process
	in routine data_sampling line 57 in file
		'/home/IC/Projects/rtl/data_sampling.v'.
===============================================================================
|    Register Name    |   Type    | Width | Bus | MB | AR | AS | SR | SS | ST |
===============================================================================
|   sampled_bit_reg   | Flip-flop |   1   |  N  | N  | Y  | N  | N  | N  | N  |
===============================================================================
Presto compilation completed successfully.
Information: Building the design 'deserializer' instantiated from design 'UART_RX' with
	the parameters "DATA_WIDTH=8". (HDL-193)

Inferred memory devices in process
	in routine deserializer_DATA_WIDTH8 line 16 in file
		'/home/IC/Projects/rtl/deserializer.v'.
===============================================================================
|    Register Name    |   Type    | Width | Bus | MB | AR | AS | SR | SS | ST |
===============================================================================
|     P_DATA_reg      | Flip-flop |   8   |  Y  | N  | Y  | N  | N  | N  | N  |
===============================================================================
Presto compilation completed successfully.
Information: Building the design 'strt_chk'. (HDL-193)

Inferred memory devices in process
	in routine strt_chk line 13 in file
		'/home/IC/Projects/rtl/strt_chk.v'.
===============================================================================
|    Register Name    |   Type    | Width | Bus | MB | AR | AS | SR | SS | ST |
===============================================================================
|   strt_glitch_reg   | Flip-flop |   1   |  N  | N  | Y  | N  | N  | N  | N  |
===============================================================================
Presto compilation completed successfully.
Information: Building the design 'par_chk' instantiated from design 'UART_RX' with
	the parameters "DATA_WIDTH=8". (HDL-193)

Statistics for case statements in always block at line 18 in file
	'/home/IC/Projects/rtl/par_chk.v'
===============================================
|           Line           |  full/ parallel  |
===============================================
|            20            |    auto/auto     |
===============================================

Inferred memory devices in process
	in routine par_chk_DATA_WIDTH8 line 32 in file
		'/home/IC/Projects/rtl/par_chk.v'.
===============================================================================
|    Register Name    |   Type    | Width | Bus | MB | AR | AS | SR | SS | ST |
===============================================================================
|     par_err_reg     | Flip-flop |   1   |  N  | N  | Y  | N  | N  | N  | N  |
===============================================================================
Presto compilation completed successfully.
Information: Building the design 'stp_chk'. (HDL-193)

Inferred memory devices in process
	in routine stp_chk line 13 in file
		'/home/IC/Projects/rtl/stp_chk.v'.
===============================================================================
|    Register Name    |   Type    | Width | Bus | MB | AR | AS | SR | SS | ST |
===============================================================================
|     stp_err_reg     | Flip-flop |   1   |  N  | N  | Y  | N  | N  | N  | N  |
===============================================================================
Presto compilation completed successfully.
Information: Building the design 'fsm_uart'. (HDL-193)

Statistics for case statements in always block at line 19 in file
	'/home/IC/Projects/rtl/fsm_uart.v'
===============================================
|           Line           |  full/ parallel  |
===============================================
|            21            |    auto/auto     |
===============================================

Statistics for case statements in always block at line 66 in file
	'/home/IC/Projects/rtl/fsm_uart.v'
===============================================
|           Line           |  full/ parallel  |
===============================================
|            80            |    auto/auto     |
===============================================

Inferred memory devices in process
	in routine fsm_uart line 66 in file
		'/home/IC/Projects/rtl/fsm_uart.v'.
===============================================================================
|    Register Name    |   Type    | Width | Bus | MB | AR | AS | SR | SS | ST |
===============================================================================
|  current_state_reg  | Flip-flop |   3   |  Y  | N  | Y  | N  | N  | N  | N  |
|     ser_en_reg      | Flip-flop |   1   |  N  | N  | Y  | N  | N  | N  | N  |
|      busy_reg       | Flip-flop |   1   |  N  | N  | Y  | N  | N  | N  | N  |
|     mux_sel_reg     | Flip-flop |   1   |  N  | N  | Y  | N  | N  | N  | N  |
|     mux_sel_reg     | Flip-flop |   1   |  N  | N  | N  | Y  | N  | N  | N  |
===============================================================================
Presto compilation completed successfully.
Information: Building the design 'mux4_1'. (HDL-193)

Statistics for case statements in always block at line 11 in file
	'/home/IC/Projects/rtl/mux4_1.v'
===============================================
|           Line           |  full/ parallel  |
===============================================
|            13            |    auto/auto     |
===============================================

Inferred memory devices in process
	in routine mux4_1 line 11 in file
		'/home/IC/Projects/rtl/mux4_1.v'.
===============================================================================
|    Register Name    |   Type    | Width | Bus | MB | AR | AS | SR | SS | ST |
===============================================================================
|     tx_out_reg      | Flip-flop |   1   |  N  | N  | N  | N  | N  | N  | N  |
===============================================================================
Presto compilation completed successfully.
Information: Building the design 'parity_calc'. (HDL-193)

Inferred memory devices in process
	in routine parity_calc line 10 in file
		'/home/IC/Projects/rtl/parity_calc.v'.
===============================================================================
|    Register Name    |   Type    | Width | Bus | MB | AR | AS | SR | SS | ST |
===============================================================================
|     par_bit_reg     | Flip-flop |   1   |  N  | N  | Y  | N  | N  | N  | N  |
===============================================================================
Presto compilation completed successfully.
Information: Building the design 'serializer'. (HDL-193)

Inferred memory devices in process
	in routine serializer line 13 in file
		'/home/IC/Projects/rtl/serializer.v'.
===============================================================================
|    Register Name    |   Type    | Width | Bus | MB | AR | AS | SR | SS | ST |
===============================================================================
|    data_set_reg     | Flip-flop |   8   |  Y  | N  | Y  | N  | N  | N  | N  |
===============================================================================

Inferred memory devices in process
	in routine serializer line 23 in file
		'/home/IC/Projects/rtl/serializer.v'.
===============================================================================
|    Register Name    |   Type    | Width | Bus | MB | AR | AS | SR | SS | ST |
===============================================================================
|    ser_data_reg     | Flip-flop |   1   |  N  | N  | Y  | N  | N  | N  | N  |
|    ser_done_reg     | Flip-flop |   1   |  N  | N  | Y  | N  | N  | N  | N  |
|     counter_reg     | Flip-flop |   4   |  Y  | N  | Y  | N  | N  | N  | N  |
===============================================================================
Statistics for MUX_OPs
===========================================================
| block name/line  | Inputs | Outputs | # sel inputs | MB |
===========================================================
|  serializer/40   |   8    |    1    |      3       | N  |
===========================================================
Presto compilation completed successfully.
1
current_design SYS_TOP
Current design is 'SYS_TOP'.
{SYS_TOP}
link 

  Linking design 'SYS_TOP'
  Using the following designs and libraries:
  --------------------------------------------------------------------------
  * (29 designs)              /home/IC/Projects/syn/SYS_TOP.db, etc
  scmetro_tsmc_cl013g_rvt_ss_1p08v_125c (library) /home/IC/Projects/std_cells/scmetro_tsmc_cl013g_rvt_ss_1p08v_125c.db
  scmetro_tsmc_cl013g_rvt_tt_1p2v_25c (library) /home/IC/Projects/std_cells/scmetro_tsmc_cl013g_rvt_tt_1p2v_25c.db
  scmetro_tsmc_cl013g_rvt_ff_1p32v_m40c (library) /home/IC/Projects/std_cells/scmetro_tsmc_cl013g_rvt_ff_1p32v_m40c.db

1
check_design >> reports/check_design.rpt
source -echo ./cons.tcl
create_clock -name uart_clk -period 271.3 -waveform "0 135.65" [get_ports UART_CLK]
set_clock_uncertainty -setup 0.2 [get_clocks uart_clk]
set_clock_uncertainty -hold 0.1  [get_clocks uart_clk]
set_clock_transition -rise 0.05  [get_clocks uart_clk]
set_clock_transition -fall 0.05  [get_clocks uart_clk]
set_clock_latency 0 [get_clocks uart_clk]
create_clock -name ref_clk -period 20 -waveform "0 10" [get_ports REF_CLK]
set_clock_uncertainty -setup 0.2 [get_clocks ref_clk]
set_clock_uncertainty -hold 0.1  [get_clocks ref_clk]
set_clock_transition -rise 0.05  [get_clocks ref_clk]
set_clock_transition -fall 0.05  [get_clocks ref_clk]
set_clock_latency 0 [get_clocks ref_clk]					   
set_dont_touch_network [get_clocks {uart_clk ref_clk}]
create_generated_clock -master_clock uart_clk  -source [get_ports UART_CLK] -name "tx_clk"      -divide_by 32 [get_port A10/o_div_clk]
set_clock_uncertainty -setup 0.2 [get_clocks tx_clk]
set_clock_uncertainty -hold 0.1  [get_clocks tx_clk]
create_generated_clock -master_clock uart_clk  -source [get_ports UART_CLK] -name "rx_clk"      -divide_by 1 [get_port A11/o_div_clk]
set_clock_uncertainty -setup 0.2 [get_clocks rx_clk]
set_clock_uncertainty -hold 0.1  [get_clocks rx_clk]
create_generated_clock -master_clock ref_clk   -source [get_ports REF_CLK]  -name "Gated_Clock" -divide_by 1 [get_port A2/GATED_CLK]
set_clock_uncertainty -setup 0.2 [get_clocks Gated_Clock]
set_clock_uncertainty -hold 0.1   [get_clocks Gated_Clock]
set_clock_groups -asynchronous -group [get_clocks "uart_clk tx_clk rx_clk"] -group [get_clocks "ref_clk"]
set_dont_touch_network [get_ports  REF_CLK]
set_dont_touch_network [get_ports  UART_CLK]
set in_delay  [expr 0.2*20]
set out_delay [expr 0.2*20]
set_input_delay $in_delay -clock rx_clk [get_ports UART_RX_IN]
set_output_delay $out_delay -clock tx_clk      [get_ports UART_TX_O]
set_output_delay $out_delay -clock tx_clk      [get_ports parity_error]
set_output_delay $out_delay -clock tx_clk      [get_ports framing_error]
set_driving_cell -library scmetro_tsmc_cl013g_rvt_ss_1p08v_125c -lib_cell BUFX2M -pin Y [get_port UART_RX_IN]
Warning: Design rule attributes from the driving cell will be
	set on the port. (UID-401)
set_driving_cell -library scmetro_tsmc_cl013g_rvt_ss_1p08v_125c -lib_cell BUFX2M -pin Y [get_port REF_CLK]
Warning: Design rule attributes from the driving cell will be
	set on the port. (UID-401)
set_driving_cell -library scmetro_tsmc_cl013g_rvt_ss_1p08v_125c -lib_cell BUFX2M -pin Y [get_port UART_CLK]
Warning: Design rule attributes from the driving cell will be
	set on the port. (UID-401)
set_driving_cell -library scmetro_tsmc_cl013g_rvt_ss_1p08v_125c -lib_cell BUFX2M -pin Y [get_port RST_N]
Warning: Design rule attributes from the driving cell will be
	set on the port. (UID-401)
set_load 0.1 [get_ports UART_TX_O]
set_load 0.1 [get_ports parity_error]
set_load 0.1 [get_ports framing_error]
set_operating_conditions -min_library "scmetro_tsmc_cl013g_rvt_ff_1p32v_m40c"  -min "scmetro_tsmc_cl013g_rvt_ff_1p32v_m40c"  -max_library "scmetro_tsmc_cl013g_rvt_ss_1p08v_125c"  -max "scmetro_tsmc_cl013g_rvt_ss_1p08v_125c"
Using operating conditions 'scmetro_tsmc_cl013g_rvt_ss_1p08v_125c' found in library 'scmetro_tsmc_cl013g_rvt_ss_1p08v_125c'.
Using operating conditions 'scmetro_tsmc_cl013g_rvt_ff_1p32v_m40c' found in library 'scmetro_tsmc_cl013g_rvt_ff_1p32v_m40c'.
1
compile 
Information: Evaluating DesignWare library utilization. (UISN-27)

============================================================================
| DesignWare Building Block Library  |         Version         | Available |
============================================================================
| Basic DW Building Blocks           | K-2015.06-DWBB_201506.0 |     *     |
| Licensed DW Building Blocks        |                         |           |
============================================================================


Information: There are 44 potential problems in your design. Please run 'check_design' for more information. (LINT-99)


Warning: Operating condition scmetro_tsmc_cl013g_rvt_ss_1p08v_125c set on design SYS_TOP has different process,
voltage and temperatures parameters than the parameters at which target library 
scmetro_tsmc_cl013g_rvt_tt_1p2v_25c is characterized. Delays may be inaccurate as a result. (OPT-998)

  Beginning Pass 1 Mapping
  ------------------------
  Processing 'serializer'
Information: The register 'counter_reg[3]' is a constant and will be removed. (OPT-1206)
  Processing 'parity_calc'
  Processing 'mux4_1'
  Processing 'fsm_uart'
  Processing 'uart_tr'
  Processing 'clock_divider_0'
  Processing 'pre_mux'
  Processing 'stp_chk'
  Processing 'par_chk_DATA_WIDTH8'
  Processing 'strt_chk'
  Processing 'deserializer_DATA_WIDTH8'
  Processing 'data_sampling'
  Processing 'edge_bit_counter'
  Processing 'uart_rx_fsm_DATA_WIDTH8'
  Processing 'UART_RX'
  Processing 'pluse_gen'
  Processing 'reset_sync_0'
  Processing 'BIT_SYNC_0'
  Processing 'fifo_rptr'
  Processing 'fifo_memory'
  Processing 'fifo_wptr'
  Processing 'fifo_top'
  Processing 'data_sync'
  Processing 'reg_file'
  Processing 'CLK_GATE'
  Processing 'alu'
  Processing 'sys_cnrt'
Information: The register 'current_state_reg[3]' is a constant and will be removed. (OPT-1206)
  Processing 'mux2X1_0'
  Processing 'mux2X1_1'
  Processing 'SYS_TOP'

  Updating timing information
Information: Updating design information... (UID-85)

  Beginning Implementation Selection
  ----------------------------------
  Processing 'clock_divider_1_DW01_inc_0'
  Processing 'clock_divider_1_DW01_cmp6_0'
  Processing 'clock_divider_1_DW01_cmp6_1'
  Processing 'clock_divider_1_DW01_dec_0'
  Processing 'clock_divider_0_DW01_inc_0'
  Processing 'clock_divider_0_DW01_cmp6_0'
  Processing 'clock_divider_0_DW01_cmp6_1'
  Processing 'clock_divider_0_DW01_dec_0'
  Processing 'deserializer_DATA_WIDTH8_DW01_cmp6_0'
  Processing 'deserializer_DATA_WIDTH8_DW01_dec_0'
  Processing 'data_sampling_DW01_cmp6_0'
  Processing 'data_sampling_DW01_cmp6_1'
  Processing 'data_sampling_DW01_cmp6_2'
  Processing 'data_sampling_DW01_dec_0'
  Processing 'data_sampling_DW01_inc_0'
  Processing 'data_sampling_DW01_dec_1'
  Processing 'edge_bit_counter_DW01_inc_0'
  Processing 'edge_bit_counter_DW01_cmp6_0'
  Processing 'edge_bit_counter_DW01_dec_0'
  Processing 'uart_rx_fsm_DATA_WIDTH8_DW01_cmp6_0'
  Processing 'uart_rx_fsm_DATA_WIDTH8_DW01_sub_0'
  Processing 'uart_rx_fsm_DATA_WIDTH8_DW01_cmp6_1'
  Processing 'uart_rx_fsm_DATA_WIDTH8_DW01_dec_0'
  Processing 'alu_DW_div_uns_0'
  Processing 'alu_DW01_sub_0'
  Processing 'alu_DW01_add_0'
  Processing 'alu_DW01_cmp6_0'
  Processing 'alu_DW02_mult_0'
  Processing 'alu_DW01_add_1'

  Beginning Mapping Optimizations  (Medium effort)
  -------------------------------
  Mapping Optimization (Phase 1)

                                  TOTAL                                      
   ELAPSED            WORST NEG   SETUP    DESIGN                            
    TIME      AREA      SLACK     COST    RULE COST         ENDPOINT         
  --------- --------- --------- --------- --------- -------------------------
    0:00:04   35033.9      0.00       0.0       0.5                          
    0:00:05   35033.9      0.00       0.0       0.5                          
    0:00:05   35033.9      0.00       0.0       0.5                          
    0:00:05   35033.9      0.00       0.0       0.5                          
    0:00:05   35033.9      0.00       0.0       0.5                          
    0:00:05   17705.8      0.00       0.0       0.0                          
    0:00:05   17685.8      0.00       0.0       0.0                          
    0:00:05   17685.8      0.00       0.0       0.0                          
    0:00:05   17685.8      0.00       0.0       0.0                          
    0:00:05   17685.8      0.00       0.0       0.0                          
    0:00:05   17685.8      0.00       0.0       0.0                          
    0:00:05   17685.8      0.00       0.0       0.0                          
    0:00:05   17685.8      0.00       0.0       0.0                          
    0:00:05   17685.8      0.00       0.0       0.0                          



  Beginning Delay Optimization Phase
  ----------------------------------

                                  TOTAL                                      
   ELAPSED            WORST NEG   SETUP    DESIGN                            
    TIME      AREA      SLACK     COST    RULE COST         ENDPOINT         
  --------- --------- --------- --------- --------- -------------------------
    0:00:05   17685.8      0.00       0.0       0.0                          
    0:00:05   17685.8      0.00       0.0       0.0                          
    0:00:06   17685.8      0.00       0.0       0.0                          


  Beginning Area-Recovery Phase  (cleanup)
  -----------------------------

                                  TOTAL                                      
   ELAPSED            WORST NEG   SETUP    DESIGN                            
    TIME      AREA      SLACK     COST    RULE COST         ENDPOINT         
  --------- --------- --------- --------- --------- -------------------------
    0:00:06   17685.8      0.00       0.0       0.0                          
    0:00:06   17685.8      0.00       0.0       0.0                          
    0:00:06   17630.5      0.00       0.0       0.0                          
    0:00:06   17623.4      0.00       0.0       0.0                          
    0:00:06   17616.4      0.00       0.0       0.0                          
    0:00:06   17605.8      0.00       0.0       0.0                          
    0:00:06   17602.3      0.00       0.0       0.0                          
    0:00:06   17602.3      0.00       0.0       0.0                          
    0:00:06   17602.3      0.00       0.0       0.0                          
    0:00:06   17602.3      0.00       0.0       0.0                          
    0:00:06   17602.3      0.00       0.0       0.0                          
    0:00:06   17602.3      0.00       0.0       0.0                          
    0:00:06   17602.3      0.00       0.0       0.0                          
    0:00:06   17602.3      0.00       0.0       0.0                          
    0:00:06   17602.3      0.00       0.0       0.0                          
Loading db file '/home/IC/Projects/std_cells/scmetro_tsmc_cl013g_rvt_ss_1p08v_125c.db'
Loading db file '/home/IC/Projects/std_cells/scmetro_tsmc_cl013g_rvt_tt_1p2v_25c.db'
Loading db file '/home/IC/Projects/std_cells/scmetro_tsmc_cl013g_rvt_ff_1p32v_m40c.db'


Note: Symbol # after min delay cost means estimated hold TNS across all active scenarios 


  Optimization Complete
  ---------------------
1
set_svf -off
1
write_file -format verilog -hierarchy -output netlists/SYS_TOP.ddc
Writing verilog file '/home/IC/Projects/syn/netlists/SYS_TOP.ddc'.
Warning: Verilog 'assign' or 'tran' statements are written out. (VO-4)
Warning: Verilog writer has added 8 nets to module alu using SYNOPSYS_UNCONNECTED_ as prefix.  Please use the change_names command to make the correct changes before invoking the verilog writer.  (VO-11)
Warning: Verilog writer has added 4 nets to module SYS_TOP using SYNOPSYS_UNCONNECTED_ as prefix.  Please use the change_names command to make the correct changes before invoking the verilog writer.  (VO-11)
1
write_file -format verilog -hierarchy -output netlists/SYS_TOP.v
Writing verilog file '/home/IC/Projects/syn/netlists/SYS_TOP.v'.
Warning: Verilog 'assign' or 'tran' statements are written out. (VO-4)
Warning: Verilog writer has added 8 nets to module alu using SYNOPSYS_UNCONNECTED_ as prefix.  Please use the change_names command to make the correct changes before invoking the verilog writer.  (VO-11)
Warning: Verilog writer has added 4 nets to module SYS_TOP using SYNOPSYS_UNCONNECTED_ as prefix.  Please use the change_names command to make the correct changes before invoking the verilog writer.  (VO-11)
1
write_sdf  sdf/SYS_TOP.sdf
Information: Annotated 'cell' delays are assumed to include load delay. (UID-282)
Information: Writing timing information to file '/home/IC/Projects/syn/sdf/SYS_TOP.sdf'. (WT-3)
Information: Updating design information... (UID-85)
1
write_sdc  -nosplit sdc/SYS_TOP.sdc
1
report_area -hierarchy > reports/area.rpt
report_power -hierarchy > reports/power.rpt
report_timing -delay_type min -max_paths 20 > reports/hold.rpt
report_timing -delay_type max -max_paths 20 > reports/setup.rpt
report_clock -attributes > reports/clocks.rpt
report_constraint -all_violators -nosplit > reports/constraints.rpt
set flops_per_chain 100
100
set num_flops [sizeof_collection [all_registers -edge_triggered]]
271
set num_chains [expr $num_flops / $flops_per_chain + 1 ]
3
write_file -format verilog -hierarchy -output System_Top_netlist.v
Writing verilog file '/home/IC/Projects/syn/System_Top_netlist.v'.
Warning: Verilog 'assign' or 'tran' statements are written out. (VO-4)
Warning: Verilog writer has added 8 nets to module alu using SYNOPSYS_UNCONNECTED_ as prefix.  Please use the change_names command to make the correct changes before invoking the verilog writer.  (VO-11)
Warning: Verilog writer has added 4 nets to module SYS_TOP using SYNOPSYS_UNCONNECTED_ as prefix.  Please use the change_names command to make the correct changes before invoking the verilog writer.  (VO-11)
1
write_file -format ddc -hierarchy -output System_Top_netlist.ddc
Writing ddc file 'System_Top_netlist.ddc'.
1
write_sdc  -nosplit System_Top.sdc
1
write_sdf           System_Top.sdf
Information: Annotated 'cell' delays are assumed to include load delay. (UID-282)
Information: Writing timing information to file '/home/IC/Projects/syn/System_Top.sdf'. (WT-3)
1
report_area -hierarchy > area.rpt
report_power -hierarchy > power.rpt
report_timing -max_paths 100 -delay_type min > hold.rpt
report_timing -max_paths 100 -delay_type max > setup.rpt
report_clock -attributes > clocks.rpt
report_constraint -all_violators > constraints.rpt
dc_shell> 