**************************************************
Report         : passing_points

Reference      : Ref:/WORK/SYS_TOP
Implementation : Imp:/WORK/SYS_TOP
Version        : L-2016.03-SP1
Date           : Wed Oct  1 00:32:56 2025
**************************************************

266 Passing compare points:

  Ref  LAT        Ref:/WORK/SYS_TOP/A2/U0_TLATNCAX4M
  Impl LAT        Imp:/WORK/SYS_TOP/A2/U0_TLATNCAX4M

  Ref  DFF        Ref:/WORK/SYS_TOP/A0/current_state_reg[0]
  Impl DFF        Imp:/WORK/SYS_TOP/A0/current_state_reg[0]

  Ref  DFF        Ref:/WORK/SYS_TOP/A0/current_state_reg[1]
  Impl DFF        Imp:/WORK/SYS_TOP/A0/current_state_reg[1]

  Ref  DFF        Ref:/WORK/SYS_TOP/A0/current_state_reg[2]
  Impl DFF        Imp:/WORK/SYS_TOP/A0/current_state_reg[2]

  Ref  DFF        Ref:/WORK/SYS_TOP/A0/rx_d_vld_tt_reg
  Impl DFF        Imp:/WORK/SYS_TOP/A0/rx_d_vld_tt_reg

  Ref  DFF0X      Ref:/WORK/SYS_TOP/A10/count_reg[0]
  Impl DFF        Imp:/WORK/SYS_TOP/A10/count_reg[0]

  Ref  DFF0X      Ref:/WORK/SYS_TOP/A10/count_reg[1]
  Impl DFF        Imp:/WORK/SYS_TOP/A10/count_reg[1]

  Ref  DFF0X      Ref:/WORK/SYS_TOP/A10/count_reg[2]
  Impl DFF        Imp:/WORK/SYS_TOP/A10/count_reg[2]

  Ref  DFF0X      Ref:/WORK/SYS_TOP/A10/count_reg[3]
  Impl DFF        Imp:/WORK/SYS_TOP/A10/count_reg[3]

  Ref  DFF0X      Ref:/WORK/SYS_TOP/A10/count_reg[4]
  Impl DFF        Imp:/WORK/SYS_TOP/A10/count_reg[4]

  Ref  DFF0X      Ref:/WORK/SYS_TOP/A10/count_reg[5]
  Impl DFF        Imp:/WORK/SYS_TOP/A10/count_reg[5]

  Ref  DFF0X      Ref:/WORK/SYS_TOP/A10/count_reg[6]
  Impl DFF        Imp:/WORK/SYS_TOP/A10/count_reg[6]

  Ref  DFF0X      Ref:/WORK/SYS_TOP/A10/div_clk_reg
  Impl DFF        Imp:/WORK/SYS_TOP/A10/div_clk_reg

  Ref  DFF1X      Ref:/WORK/SYS_TOP/A10/odd_edge_tog_reg
  Impl DFF        Imp:/WORK/SYS_TOP/A10/odd_edge_tog_reg

  Ref  DFF        Ref:/WORK/SYS_TOP/A11/count_reg[0]
  Impl DFF        Imp:/WORK/SYS_TOP/A11/count_reg[0]

  Ref  DFF        Ref:/WORK/SYS_TOP/A11/count_reg[1]
  Impl DFF        Imp:/WORK/SYS_TOP/A11/count_reg[1]

  Ref  DFF        Ref:/WORK/SYS_TOP/A11/count_reg[2]
  Impl DFF        Imp:/WORK/SYS_TOP/A11/count_reg[2]

  Ref  DFF        Ref:/WORK/SYS_TOP/A11/count_reg[3]
  Impl DFF        Imp:/WORK/SYS_TOP/A11/count_reg[3]

  Ref  DFF        Ref:/WORK/SYS_TOP/A11/count_reg[4]
  Impl DFF        Imp:/WORK/SYS_TOP/A11/count_reg[4]

  Ref  DFF        Ref:/WORK/SYS_TOP/A11/count_reg[5]
  Impl DFF        Imp:/WORK/SYS_TOP/A11/count_reg[5]

  Ref  DFF        Ref:/WORK/SYS_TOP/A11/count_reg[6]
  Impl DFF        Imp:/WORK/SYS_TOP/A11/count_reg[6]

  Ref  DFF        Ref:/WORK/SYS_TOP/A11/div_clk_reg
  Impl DFF        Imp:/WORK/SYS_TOP/A11/div_clk_reg

  Ref  DFF1X      Ref:/WORK/SYS_TOP/A11/odd_edge_tog_reg
  Impl DFF        Imp:/WORK/SYS_TOP/A11/odd_edge_tog_reg

  Ref  DFF        Ref:/WORK/SYS_TOP/A12/a0/busy_reg
  Impl DFF        Imp:/WORK/SYS_TOP/A12/a0/busy_reg

  Ref  DFF        Ref:/WORK/SYS_TOP/A12/a0/current_state_reg[0]
  Impl DFF        Imp:/WORK/SYS_TOP/A12/a0/current_state_reg[0]

  Ref  DFF        Ref:/WORK/SYS_TOP/A12/a0/current_state_reg[1]
  Impl DFF        Imp:/WORK/SYS_TOP/A12/a0/current_state_reg[1]

  Ref  DFF        Ref:/WORK/SYS_TOP/A12/a0/current_state_reg[2]
  Impl DFF        Imp:/WORK/SYS_TOP/A12/a0/current_state_reg[2]

  Ref  DFF        Ref:/WORK/SYS_TOP/A12/a0/mux_sel_reg[0]
  Impl DFF        Imp:/WORK/SYS_TOP/A12/a0/mux_sel_reg[0]

  Ref  DFF        Ref:/WORK/SYS_TOP/A12/a0/mux_sel_reg[1]
  Impl DFF        Imp:/WORK/SYS_TOP/A12/a0/mux_sel_reg[1]

  Ref  DFF        Ref:/WORK/SYS_TOP/A12/a0/ser_en_reg
  Impl DFF        Imp:/WORK/SYS_TOP/A12/a0/ser_en_reg

  Ref  DFF        Ref:/WORK/SYS_TOP/A12/a1/tx_out_reg
  Impl DFF        Imp:/WORK/SYS_TOP/A12/a1/tx_out_reg

  Ref  DFF        Ref:/WORK/SYS_TOP/A12/a2/par_bit_reg
  Impl DFF        Imp:/WORK/SYS_TOP/A12/a2/par_bit_reg

  Ref  DFF        Ref:/WORK/SYS_TOP/A12/a3/counter_reg[0]
  Impl DFF        Imp:/WORK/SYS_TOP/A12/a3/counter_reg[0]

  Ref  DFF        Ref:/WORK/SYS_TOP/A12/a3/counter_reg[1]
  Impl DFF        Imp:/WORK/SYS_TOP/A12/a3/counter_reg[1]

  Ref  DFF        Ref:/WORK/SYS_TOP/A12/a3/counter_reg[2]
  Impl DFF        Imp:/WORK/SYS_TOP/A12/a3/counter_reg[2]

  Ref  DFF        Ref:/WORK/SYS_TOP/A12/a3/data_set_reg[0]
  Impl DFF        Imp:/WORK/SYS_TOP/A12/a3/data_set_reg[0]

  Ref  DFF        Ref:/WORK/SYS_TOP/A12/a3/data_set_reg[1]
  Impl DFF        Imp:/WORK/SYS_TOP/A12/a3/data_set_reg[1]

  Ref  DFF        Ref:/WORK/SYS_TOP/A12/a3/data_set_reg[2]
  Impl DFF        Imp:/WORK/SYS_TOP/A12/a3/data_set_reg[2]

  Ref  DFF        Ref:/WORK/SYS_TOP/A12/a3/data_set_reg[3]
  Impl DFF        Imp:/WORK/SYS_TOP/A12/a3/data_set_reg[3]

  Ref  DFF        Ref:/WORK/SYS_TOP/A12/a3/data_set_reg[4]
  Impl DFF        Imp:/WORK/SYS_TOP/A12/a3/data_set_reg[4]

  Ref  DFF        Ref:/WORK/SYS_TOP/A12/a3/data_set_reg[5]
  Impl DFF        Imp:/WORK/SYS_TOP/A12/a3/data_set_reg[5]

  Ref  DFF        Ref:/WORK/SYS_TOP/A12/a3/data_set_reg[6]
  Impl DFF        Imp:/WORK/SYS_TOP/A12/a3/data_set_reg[6]

  Ref  DFF        Ref:/WORK/SYS_TOP/A12/a3/data_set_reg[7]
  Impl DFF        Imp:/WORK/SYS_TOP/A12/a3/data_set_reg[7]

  Ref  DFF        Ref:/WORK/SYS_TOP/A12/a3/ser_data_reg
  Impl DFF        Imp:/WORK/SYS_TOP/A12/a3/ser_data_reg

  Ref  DFF        Ref:/WORK/SYS_TOP/A12/a3/ser_done_reg
  Impl DFF        Imp:/WORK/SYS_TOP/A12/a3/ser_done_reg

  Ref  DFF        Ref:/WORK/SYS_TOP/A3/RdData_reg[0]
  Impl DFF        Imp:/WORK/SYS_TOP/A3/RdData_reg[0]

  Ref  DFF        Ref:/WORK/SYS_TOP/A3/RdData_reg[1]
  Impl DFF        Imp:/WORK/SYS_TOP/A3/RdData_reg[1]

  Ref  DFF        Ref:/WORK/SYS_TOP/A3/RdData_reg[2]
  Impl DFF        Imp:/WORK/SYS_TOP/A3/RdData_reg[2]

  Ref  DFF        Ref:/WORK/SYS_TOP/A3/RdData_reg[3]
  Impl DFF        Imp:/WORK/SYS_TOP/A3/RdData_reg[3]

  Ref  DFF        Ref:/WORK/SYS_TOP/A3/RdData_reg[4]
  Impl DFF        Imp:/WORK/SYS_TOP/A3/RdData_reg[4]

  Ref  DFF        Ref:/WORK/SYS_TOP/A3/RdData_reg[5]
  Impl DFF        Imp:/WORK/SYS_TOP/A3/RdData_reg[5]

  Ref  DFF        Ref:/WORK/SYS_TOP/A3/RdData_reg[6]
  Impl DFF        Imp:/WORK/SYS_TOP/A3/RdData_reg[6]

  Ref  DFF        Ref:/WORK/SYS_TOP/A3/RdData_reg[7]
  Impl DFF        Imp:/WORK/SYS_TOP/A3/RdData_reg[7]

  Ref  DFF        Ref:/WORK/SYS_TOP/A3/RdData_valid_reg
  Impl DFF        Imp:/WORK/SYS_TOP/A3/RdData_valid_reg

  Ref  DFF        Ref:/WORK/SYS_TOP/A3/Regfile_reg[0][0]
  Impl DFF        Imp:/WORK/SYS_TOP/A3/Regfile_reg[0][0]

  Ref  DFF        Ref:/WORK/SYS_TOP/A3/Regfile_reg[0][1]
  Impl DFF        Imp:/WORK/SYS_TOP/A3/Regfile_reg[0][1]

  Ref  DFF        Ref:/WORK/SYS_TOP/A3/Regfile_reg[0][2]
  Impl DFF        Imp:/WORK/SYS_TOP/A3/Regfile_reg[0][2]

  Ref  DFF        Ref:/WORK/SYS_TOP/A3/Regfile_reg[0][3]
  Impl DFF        Imp:/WORK/SYS_TOP/A3/Regfile_reg[0][3]

  Ref  DFF        Ref:/WORK/SYS_TOP/A3/Regfile_reg[0][4]
  Impl DFF        Imp:/WORK/SYS_TOP/A3/Regfile_reg[0][4]

  Ref  DFF        Ref:/WORK/SYS_TOP/A3/Regfile_reg[0][5]
  Impl DFF        Imp:/WORK/SYS_TOP/A3/Regfile_reg[0][5]

  Ref  DFF        Ref:/WORK/SYS_TOP/A3/Regfile_reg[0][6]
  Impl DFF        Imp:/WORK/SYS_TOP/A3/Regfile_reg[0][6]

  Ref  DFF        Ref:/WORK/SYS_TOP/A3/Regfile_reg[0][7]
  Impl DFF        Imp:/WORK/SYS_TOP/A3/Regfile_reg[0][7]

  Ref  DFF0X      Ref:/WORK/SYS_TOP/A3/Regfile_reg[1][0]
  Impl DFF        Imp:/WORK/SYS_TOP/A3/Regfile_reg[1][0]

  Ref  DFF0X      Ref:/WORK/SYS_TOP/A3/Regfile_reg[1][1]
  Impl DFF        Imp:/WORK/SYS_TOP/A3/Regfile_reg[1][1]

  Ref  DFF0X      Ref:/WORK/SYS_TOP/A3/Regfile_reg[1][2]
  Impl DFF        Imp:/WORK/SYS_TOP/A3/Regfile_reg[1][2]

  Ref  DFF0X      Ref:/WORK/SYS_TOP/A3/Regfile_reg[1][3]
  Impl DFF        Imp:/WORK/SYS_TOP/A3/Regfile_reg[1][3]

  Ref  DFF0X      Ref:/WORK/SYS_TOP/A3/Regfile_reg[1][4]
  Impl DFF        Imp:/WORK/SYS_TOP/A3/Regfile_reg[1][4]

  Ref  DFF0X      Ref:/WORK/SYS_TOP/A3/Regfile_reg[1][5]
  Impl DFF        Imp:/WORK/SYS_TOP/A3/Regfile_reg[1][5]

  Ref  DFF0X      Ref:/WORK/SYS_TOP/A3/Regfile_reg[1][6]
  Impl DFF        Imp:/WORK/SYS_TOP/A3/Regfile_reg[1][6]

  Ref  DFF0X      Ref:/WORK/SYS_TOP/A3/Regfile_reg[1][7]
  Impl DFF        Imp:/WORK/SYS_TOP/A3/Regfile_reg[1][7]

  Ref  DFF1X      Ref:/WORK/SYS_TOP/A3/Regfile_reg[2][0]
  Impl DFF        Imp:/WORK/SYS_TOP/A3/Regfile_reg[2][0]

  Ref  DFF0X      Ref:/WORK/SYS_TOP/A3/Regfile_reg[2][1]
  Impl DFF        Imp:/WORK/SYS_TOP/A3/Regfile_reg[2][1]

  Ref  DFF0X      Ref:/WORK/SYS_TOP/A3/Regfile_reg[2][2]
  Impl DFF        Imp:/WORK/SYS_TOP/A3/Regfile_reg[2][2]

  Ref  DFF0X      Ref:/WORK/SYS_TOP/A3/Regfile_reg[2][3]
  Impl DFF        Imp:/WORK/SYS_TOP/A3/Regfile_reg[2][3]

  Ref  DFF0X      Ref:/WORK/SYS_TOP/A3/Regfile_reg[2][4]
  Impl DFF        Imp:/WORK/SYS_TOP/A3/Regfile_reg[2][4]

  Ref  DFF0X      Ref:/WORK/SYS_TOP/A3/Regfile_reg[2][5]
  Impl DFF        Imp:/WORK/SYS_TOP/A3/Regfile_reg[2][5]

  Ref  DFF0X      Ref:/WORK/SYS_TOP/A3/Regfile_reg[2][6]
  Impl DFF        Imp:/WORK/SYS_TOP/A3/Regfile_reg[2][6]

  Ref  DFF1X      Ref:/WORK/SYS_TOP/A3/Regfile_reg[2][7]
  Impl DFF        Imp:/WORK/SYS_TOP/A3/Regfile_reg[2][7]

  Ref  DFF0X      Ref:/WORK/SYS_TOP/A3/Regfile_reg[3][0]
  Impl DFF        Imp:/WORK/SYS_TOP/A3/Regfile_reg[3][0]

  Ref  DFF0X      Ref:/WORK/SYS_TOP/A3/Regfile_reg[3][1]
  Impl DFF        Imp:/WORK/SYS_TOP/A3/Regfile_reg[3][1]

  Ref  DFF0X      Ref:/WORK/SYS_TOP/A3/Regfile_reg[3][2]
  Impl DFF        Imp:/WORK/SYS_TOP/A3/Regfile_reg[3][2]

  Ref  DFF0X      Ref:/WORK/SYS_TOP/A3/Regfile_reg[3][3]
  Impl DFF        Imp:/WORK/SYS_TOP/A3/Regfile_reg[3][3]

  Ref  DFF0X      Ref:/WORK/SYS_TOP/A3/Regfile_reg[3][4]
  Impl DFF        Imp:/WORK/SYS_TOP/A3/Regfile_reg[3][4]

  Ref  DFF1X      Ref:/WORK/SYS_TOP/A3/Regfile_reg[3][5]
  Impl DFF        Imp:/WORK/SYS_TOP/A3/Regfile_reg[3][5]

  Ref  DFF0X      Ref:/WORK/SYS_TOP/A3/Regfile_reg[3][6]
  Impl DFF        Imp:/WORK/SYS_TOP/A3/Regfile_reg[3][6]

  Ref  DFF0X      Ref:/WORK/SYS_TOP/A3/Regfile_reg[3][7]
  Impl DFF        Imp:/WORK/SYS_TOP/A3/Regfile_reg[3][7]

  Ref  DFF0X      Ref:/WORK/SYS_TOP/A3/Regfile_reg[4][0]
  Impl DFF        Imp:/WORK/SYS_TOP/A3/Regfile_reg[4][0]

  Ref  DFF0X      Ref:/WORK/SYS_TOP/A3/Regfile_reg[4][1]
  Impl DFF        Imp:/WORK/SYS_TOP/A3/Regfile_reg[4][1]

  Ref  DFF0X      Ref:/WORK/SYS_TOP/A3/Regfile_reg[4][2]
  Impl DFF        Imp:/WORK/SYS_TOP/A3/Regfile_reg[4][2]

  Ref  DFF0X      Ref:/WORK/SYS_TOP/A3/Regfile_reg[4][3]
  Impl DFF        Imp:/WORK/SYS_TOP/A3/Regfile_reg[4][3]

  Ref  DFF0X      Ref:/WORK/SYS_TOP/A3/Regfile_reg[4][4]
  Impl DFF        Imp:/WORK/SYS_TOP/A3/Regfile_reg[4][4]

  Ref  DFF0X      Ref:/WORK/SYS_TOP/A3/Regfile_reg[4][5]
  Impl DFF        Imp:/WORK/SYS_TOP/A3/Regfile_reg[4][5]

  Ref  DFF0X      Ref:/WORK/SYS_TOP/A3/Regfile_reg[4][6]
  Impl DFF        Imp:/WORK/SYS_TOP/A3/Regfile_reg[4][6]

  Ref  DFF0X      Ref:/WORK/SYS_TOP/A3/Regfile_reg[4][7]
  Impl DFF        Imp:/WORK/SYS_TOP/A3/Regfile_reg[4][7]

  Ref  DFF0X      Ref:/WORK/SYS_TOP/A3/Regfile_reg[5][0]
  Impl DFF        Imp:/WORK/SYS_TOP/A3/Regfile_reg[5][0]

  Ref  DFF0X      Ref:/WORK/SYS_TOP/A3/Regfile_reg[5][1]
  Impl DFF        Imp:/WORK/SYS_TOP/A3/Regfile_reg[5][1]

  Ref  DFF0X      Ref:/WORK/SYS_TOP/A3/Regfile_reg[5][2]
  Impl DFF        Imp:/WORK/SYS_TOP/A3/Regfile_reg[5][2]

  Ref  DFF0X      Ref:/WORK/SYS_TOP/A3/Regfile_reg[5][3]
  Impl DFF        Imp:/WORK/SYS_TOP/A3/Regfile_reg[5][3]

  Ref  DFF0X      Ref:/WORK/SYS_TOP/A3/Regfile_reg[5][4]
  Impl DFF        Imp:/WORK/SYS_TOP/A3/Regfile_reg[5][4]

  Ref  DFF0X      Ref:/WORK/SYS_TOP/A3/Regfile_reg[5][5]
  Impl DFF        Imp:/WORK/SYS_TOP/A3/Regfile_reg[5][5]

  Ref  DFF0X      Ref:/WORK/SYS_TOP/A3/Regfile_reg[5][6]
  Impl DFF        Imp:/WORK/SYS_TOP/A3/Regfile_reg[5][6]

  Ref  DFF0X      Ref:/WORK/SYS_TOP/A3/Regfile_reg[5][7]
  Impl DFF        Imp:/WORK/SYS_TOP/A3/Regfile_reg[5][7]

  Ref  DFF0X      Ref:/WORK/SYS_TOP/A3/Regfile_reg[6][0]
  Impl DFF        Imp:/WORK/SYS_TOP/A3/Regfile_reg[6][0]

  Ref  DFF0X      Ref:/WORK/SYS_TOP/A3/Regfile_reg[6][1]
  Impl DFF        Imp:/WORK/SYS_TOP/A3/Regfile_reg[6][1]

  Ref  DFF0X      Ref:/WORK/SYS_TOP/A3/Regfile_reg[6][2]
  Impl DFF        Imp:/WORK/SYS_TOP/A3/Regfile_reg[6][2]

  Ref  DFF0X      Ref:/WORK/SYS_TOP/A3/Regfile_reg[6][3]
  Impl DFF        Imp:/WORK/SYS_TOP/A3/Regfile_reg[6][3]

  Ref  DFF0X      Ref:/WORK/SYS_TOP/A3/Regfile_reg[6][4]
  Impl DFF        Imp:/WORK/SYS_TOP/A3/Regfile_reg[6][4]

  Ref  DFF0X      Ref:/WORK/SYS_TOP/A3/Regfile_reg[6][5]
  Impl DFF        Imp:/WORK/SYS_TOP/A3/Regfile_reg[6][5]

  Ref  DFF0X      Ref:/WORK/SYS_TOP/A3/Regfile_reg[6][6]
  Impl DFF        Imp:/WORK/SYS_TOP/A3/Regfile_reg[6][6]

  Ref  DFF0X      Ref:/WORK/SYS_TOP/A3/Regfile_reg[6][7]
  Impl DFF        Imp:/WORK/SYS_TOP/A3/Regfile_reg[6][7]

  Ref  DFF0X      Ref:/WORK/SYS_TOP/A3/Regfile_reg[7][0]
  Impl DFF        Imp:/WORK/SYS_TOP/A3/Regfile_reg[7][0]

  Ref  DFF0X      Ref:/WORK/SYS_TOP/A3/Regfile_reg[7][1]
  Impl DFF        Imp:/WORK/SYS_TOP/A3/Regfile_reg[7][1]

  Ref  DFF0X      Ref:/WORK/SYS_TOP/A3/Regfile_reg[7][2]
  Impl DFF        Imp:/WORK/SYS_TOP/A3/Regfile_reg[7][2]

  Ref  DFF0X      Ref:/WORK/SYS_TOP/A3/Regfile_reg[7][3]
  Impl DFF        Imp:/WORK/SYS_TOP/A3/Regfile_reg[7][3]

  Ref  DFF0X      Ref:/WORK/SYS_TOP/A3/Regfile_reg[7][4]
  Impl DFF        Imp:/WORK/SYS_TOP/A3/Regfile_reg[7][4]

  Ref  DFF0X      Ref:/WORK/SYS_TOP/A3/Regfile_reg[7][5]
  Impl DFF        Imp:/WORK/SYS_TOP/A3/Regfile_reg[7][5]

  Ref  DFF0X      Ref:/WORK/SYS_TOP/A3/Regfile_reg[7][6]
  Impl DFF        Imp:/WORK/SYS_TOP/A3/Regfile_reg[7][6]

  Ref  DFF0X      Ref:/WORK/SYS_TOP/A3/Regfile_reg[7][7]
  Impl DFF        Imp:/WORK/SYS_TOP/A3/Regfile_reg[7][7]

  Ref  DFF        Ref:/WORK/SYS_TOP/A4/stages_reg[0]
  Impl DFF        Imp:/WORK/SYS_TOP/A4/stages_reg[0]

  Ref  DFF        Ref:/WORK/SYS_TOP/A4/stages_reg[1]
  Impl DFF        Imp:/WORK/SYS_TOP/A4/stages_reg[1]

  Ref  DFF        Ref:/WORK/SYS_TOP/A5/reg_enable_bus_reg
  Impl DFF        Imp:/WORK/SYS_TOP/A5/reg_enable_bus_reg

  Ref  DFF        Ref:/WORK/SYS_TOP/A5/reg_stage_reg[0]
  Impl DFF        Imp:/WORK/SYS_TOP/A5/reg_stage_reg[0]

  Ref  DFF        Ref:/WORK/SYS_TOP/A5/reg_stage_reg[1]
  Impl DFF        Imp:/WORK/SYS_TOP/A5/reg_stage_reg[1]

  Ref  DFF        Ref:/WORK/SYS_TOP/A5/reg_sync_bus_reg[0]
  Impl DFF        Imp:/WORK/SYS_TOP/A5/reg_sync_bus_reg[0]

  Ref  DFF        Ref:/WORK/SYS_TOP/A5/reg_sync_bus_reg[1]
  Impl DFF        Imp:/WORK/SYS_TOP/A5/reg_sync_bus_reg[1]

  Ref  DFF        Ref:/WORK/SYS_TOP/A5/reg_sync_bus_reg[2]
  Impl DFF        Imp:/WORK/SYS_TOP/A5/reg_sync_bus_reg[2]

  Ref  DFF        Ref:/WORK/SYS_TOP/A5/reg_sync_bus_reg[3]
  Impl DFF        Imp:/WORK/SYS_TOP/A5/reg_sync_bus_reg[3]

  Ref  DFF        Ref:/WORK/SYS_TOP/A5/reg_sync_bus_reg[4]
  Impl DFF        Imp:/WORK/SYS_TOP/A5/reg_sync_bus_reg[4]

  Ref  DFF        Ref:/WORK/SYS_TOP/A5/reg_sync_bus_reg[5]
  Impl DFF        Imp:/WORK/SYS_TOP/A5/reg_sync_bus_reg[5]

  Ref  DFF        Ref:/WORK/SYS_TOP/A5/reg_sync_bus_reg[6]
  Impl DFF        Imp:/WORK/SYS_TOP/A5/reg_sync_bus_reg[6]

  Ref  DFF        Ref:/WORK/SYS_TOP/A5/reg_sync_bus_reg[7]
  Impl DFF        Imp:/WORK/SYS_TOP/A5/reg_sync_bus_reg[7]

  Ref  DFF        Ref:/WORK/SYS_TOP/A6/A0/c_counter_reg[0]
  Impl DFF        Imp:/WORK/SYS_TOP/A6/A0/c_counter_reg[0]

  Ref  DFF        Ref:/WORK/SYS_TOP/A6/A0/c_counter_reg[1]
  Impl DFF        Imp:/WORK/SYS_TOP/A6/A0/c_counter_reg[1]

  Ref  DFF        Ref:/WORK/SYS_TOP/A6/A0/c_counter_reg[2]
  Impl DFF        Imp:/WORK/SYS_TOP/A6/A0/c_counter_reg[2]

  Ref  DFF        Ref:/WORK/SYS_TOP/A6/A0/c_counter_reg[3]
  Impl DFF        Imp:/WORK/SYS_TOP/A6/A0/c_counter_reg[3]

  Ref  DFF        Ref:/WORK/SYS_TOP/A6/A0/w_addr_reg[0]
  Impl DFF        Imp:/WORK/SYS_TOP/A6/A0/w_addr_reg[0]

  Ref  DFF        Ref:/WORK/SYS_TOP/A6/A0/w_addr_reg[1]
  Impl DFF        Imp:/WORK/SYS_TOP/A6/A0/w_addr_reg[1]

  Ref  DFF        Ref:/WORK/SYS_TOP/A6/A0/w_addr_reg[2]
  Impl DFF        Imp:/WORK/SYS_TOP/A6/A0/w_addr_reg[2]

  Ref  DFF        Ref:/WORK/SYS_TOP/A6/A0/w_full_reg
  Impl DFF        Imp:/WORK/SYS_TOP/A6/A0/w_full_reg

  Ref  DFF        Ref:/WORK/SYS_TOP/A6/A0/wptr_reg[0]
  Impl DFF        Imp:/WORK/SYS_TOP/A6/A0/wptr_reg[0]

  Ref  DFF        Ref:/WORK/SYS_TOP/A6/A0/wptr_reg[1]
  Impl DFF        Imp:/WORK/SYS_TOP/A6/A0/wptr_reg[1]

  Ref  DFF        Ref:/WORK/SYS_TOP/A6/A0/wptr_reg[2]
  Impl DFF        Imp:/WORK/SYS_TOP/A6/A0/wptr_reg[2]

  Ref  DFF        Ref:/WORK/SYS_TOP/A6/A0/wptr_reg[3]
  Impl DFF        Imp:/WORK/SYS_TOP/A6/A0/wptr_reg[3]

  Ref  DFF        Ref:/WORK/SYS_TOP/A6/A1/memory_reg[0][0]
  Impl DFF        Imp:/WORK/SYS_TOP/A6/A1/memory_reg[0][0]

  Ref  DFF        Ref:/WORK/SYS_TOP/A6/A1/memory_reg[0][1]
  Impl DFF        Imp:/WORK/SYS_TOP/A6/A1/memory_reg[0][1]

  Ref  DFF        Ref:/WORK/SYS_TOP/A6/A1/memory_reg[0][2]
  Impl DFF        Imp:/WORK/SYS_TOP/A6/A1/memory_reg[0][2]

  Ref  DFF        Ref:/WORK/SYS_TOP/A6/A1/memory_reg[0][3]
  Impl DFF        Imp:/WORK/SYS_TOP/A6/A1/memory_reg[0][3]

  Ref  DFF        Ref:/WORK/SYS_TOP/A6/A1/memory_reg[0][4]
  Impl DFF        Imp:/WORK/SYS_TOP/A6/A1/memory_reg[0][4]

  Ref  DFF        Ref:/WORK/SYS_TOP/A6/A1/memory_reg[0][5]
  Impl DFF        Imp:/WORK/SYS_TOP/A6/A1/memory_reg[0][5]

  Ref  DFF        Ref:/WORK/SYS_TOP/A6/A1/memory_reg[0][6]
  Impl DFF        Imp:/WORK/SYS_TOP/A6/A1/memory_reg[0][6]

  Ref  DFF        Ref:/WORK/SYS_TOP/A6/A1/memory_reg[0][7]
  Impl DFF        Imp:/WORK/SYS_TOP/A6/A1/memory_reg[0][7]

  Ref  DFF        Ref:/WORK/SYS_TOP/A6/A1/memory_reg[1][0]
  Impl DFF        Imp:/WORK/SYS_TOP/A6/A1/memory_reg[1][0]

  Ref  DFF        Ref:/WORK/SYS_TOP/A6/A1/memory_reg[1][1]
  Impl DFF        Imp:/WORK/SYS_TOP/A6/A1/memory_reg[1][1]

  Ref  DFF        Ref:/WORK/SYS_TOP/A6/A1/memory_reg[1][2]
  Impl DFF        Imp:/WORK/SYS_TOP/A6/A1/memory_reg[1][2]

  Ref  DFF        Ref:/WORK/SYS_TOP/A6/A1/memory_reg[1][3]
  Impl DFF        Imp:/WORK/SYS_TOP/A6/A1/memory_reg[1][3]

  Ref  DFF        Ref:/WORK/SYS_TOP/A6/A1/memory_reg[1][4]
  Impl DFF        Imp:/WORK/SYS_TOP/A6/A1/memory_reg[1][4]

  Ref  DFF        Ref:/WORK/SYS_TOP/A6/A1/memory_reg[1][5]
  Impl DFF        Imp:/WORK/SYS_TOP/A6/A1/memory_reg[1][5]

  Ref  DFF        Ref:/WORK/SYS_TOP/A6/A1/memory_reg[1][6]
  Impl DFF        Imp:/WORK/SYS_TOP/A6/A1/memory_reg[1][6]

  Ref  DFF        Ref:/WORK/SYS_TOP/A6/A1/memory_reg[1][7]
  Impl DFF        Imp:/WORK/SYS_TOP/A6/A1/memory_reg[1][7]

  Ref  DFF        Ref:/WORK/SYS_TOP/A6/A1/memory_reg[2][0]
  Impl DFF        Imp:/WORK/SYS_TOP/A6/A1/memory_reg[2][0]

  Ref  DFF        Ref:/WORK/SYS_TOP/A6/A1/memory_reg[2][1]
  Impl DFF        Imp:/WORK/SYS_TOP/A6/A1/memory_reg[2][1]

  Ref  DFF        Ref:/WORK/SYS_TOP/A6/A1/memory_reg[2][2]
  Impl DFF        Imp:/WORK/SYS_TOP/A6/A1/memory_reg[2][2]

  Ref  DFF        Ref:/WORK/SYS_TOP/A6/A1/memory_reg[2][3]
  Impl DFF        Imp:/WORK/SYS_TOP/A6/A1/memory_reg[2][3]

  Ref  DFF        Ref:/WORK/SYS_TOP/A6/A1/memory_reg[2][4]
  Impl DFF        Imp:/WORK/SYS_TOP/A6/A1/memory_reg[2][4]

  Ref  DFF        Ref:/WORK/SYS_TOP/A6/A1/memory_reg[2][5]
  Impl DFF        Imp:/WORK/SYS_TOP/A6/A1/memory_reg[2][5]

  Ref  DFF        Ref:/WORK/SYS_TOP/A6/A1/memory_reg[2][6]
  Impl DFF        Imp:/WORK/SYS_TOP/A6/A1/memory_reg[2][6]

  Ref  DFF        Ref:/WORK/SYS_TOP/A6/A1/memory_reg[2][7]
  Impl DFF        Imp:/WORK/SYS_TOP/A6/A1/memory_reg[2][7]

  Ref  DFF        Ref:/WORK/SYS_TOP/A6/A1/memory_reg[3][0]
  Impl DFF        Imp:/WORK/SYS_TOP/A6/A1/memory_reg[3][0]

  Ref  DFF        Ref:/WORK/SYS_TOP/A6/A1/memory_reg[3][1]
  Impl DFF        Imp:/WORK/SYS_TOP/A6/A1/memory_reg[3][1]

  Ref  DFF        Ref:/WORK/SYS_TOP/A6/A1/memory_reg[3][2]
  Impl DFF        Imp:/WORK/SYS_TOP/A6/A1/memory_reg[3][2]

  Ref  DFF        Ref:/WORK/SYS_TOP/A6/A1/memory_reg[3][3]
  Impl DFF        Imp:/WORK/SYS_TOP/A6/A1/memory_reg[3][3]

  Ref  DFF        Ref:/WORK/SYS_TOP/A6/A1/memory_reg[3][4]
  Impl DFF        Imp:/WORK/SYS_TOP/A6/A1/memory_reg[3][4]

  Ref  DFF        Ref:/WORK/SYS_TOP/A6/A1/memory_reg[3][5]
  Impl DFF        Imp:/WORK/SYS_TOP/A6/A1/memory_reg[3][5]

  Ref  DFF        Ref:/WORK/SYS_TOP/A6/A1/memory_reg[3][6]
  Impl DFF        Imp:/WORK/SYS_TOP/A6/A1/memory_reg[3][6]

  Ref  DFF        Ref:/WORK/SYS_TOP/A6/A1/memory_reg[3][7]
  Impl DFF        Imp:/WORK/SYS_TOP/A6/A1/memory_reg[3][7]

  Ref  DFF        Ref:/WORK/SYS_TOP/A6/A1/memory_reg[4][0]
  Impl DFF        Imp:/WORK/SYS_TOP/A6/A1/memory_reg[4][0]

  Ref  DFF        Ref:/WORK/SYS_TOP/A6/A1/memory_reg[4][1]
  Impl DFF        Imp:/WORK/SYS_TOP/A6/A1/memory_reg[4][1]

  Ref  DFF        Ref:/WORK/SYS_TOP/A6/A1/memory_reg[4][2]
  Impl DFF        Imp:/WORK/SYS_TOP/A6/A1/memory_reg[4][2]

  Ref  DFF        Ref:/WORK/SYS_TOP/A6/A1/memory_reg[4][3]
  Impl DFF        Imp:/WORK/SYS_TOP/A6/A1/memory_reg[4][3]

  Ref  DFF        Ref:/WORK/SYS_TOP/A6/A1/memory_reg[4][4]
  Impl DFF        Imp:/WORK/SYS_TOP/A6/A1/memory_reg[4][4]

  Ref  DFF        Ref:/WORK/SYS_TOP/A6/A1/memory_reg[4][5]
  Impl DFF        Imp:/WORK/SYS_TOP/A6/A1/memory_reg[4][5]

  Ref  DFF        Ref:/WORK/SYS_TOP/A6/A1/memory_reg[4][6]
  Impl DFF        Imp:/WORK/SYS_TOP/A6/A1/memory_reg[4][6]

  Ref  DFF        Ref:/WORK/SYS_TOP/A6/A1/memory_reg[4][7]
  Impl DFF        Imp:/WORK/SYS_TOP/A6/A1/memory_reg[4][7]

  Ref  DFF        Ref:/WORK/SYS_TOP/A6/A1/memory_reg[5][0]
  Impl DFF        Imp:/WORK/SYS_TOP/A6/A1/memory_reg[5][0]

  Ref  DFF        Ref:/WORK/SYS_TOP/A6/A1/memory_reg[5][1]
  Impl DFF        Imp:/WORK/SYS_TOP/A6/A1/memory_reg[5][1]

  Ref  DFF        Ref:/WORK/SYS_TOP/A6/A1/memory_reg[5][2]
  Impl DFF        Imp:/WORK/SYS_TOP/A6/A1/memory_reg[5][2]

  Ref  DFF        Ref:/WORK/SYS_TOP/A6/A1/memory_reg[5][3]
  Impl DFF        Imp:/WORK/SYS_TOP/A6/A1/memory_reg[5][3]

  Ref  DFF        Ref:/WORK/SYS_TOP/A6/A1/memory_reg[5][4]
  Impl DFF        Imp:/WORK/SYS_TOP/A6/A1/memory_reg[5][4]

  Ref  DFF        Ref:/WORK/SYS_TOP/A6/A1/memory_reg[5][5]
  Impl DFF        Imp:/WORK/SYS_TOP/A6/A1/memory_reg[5][5]

  Ref  DFF        Ref:/WORK/SYS_TOP/A6/A1/memory_reg[5][6]
  Impl DFF        Imp:/WORK/SYS_TOP/A6/A1/memory_reg[5][6]

  Ref  DFF        Ref:/WORK/SYS_TOP/A6/A1/memory_reg[5][7]
  Impl DFF        Imp:/WORK/SYS_TOP/A6/A1/memory_reg[5][7]

  Ref  DFF        Ref:/WORK/SYS_TOP/A6/A1/memory_reg[6][0]
  Impl DFF        Imp:/WORK/SYS_TOP/A6/A1/memory_reg[6][0]

  Ref  DFF        Ref:/WORK/SYS_TOP/A6/A1/memory_reg[6][1]
  Impl DFF        Imp:/WORK/SYS_TOP/A6/A1/memory_reg[6][1]

  Ref  DFF        Ref:/WORK/SYS_TOP/A6/A1/memory_reg[6][2]
  Impl DFF        Imp:/WORK/SYS_TOP/A6/A1/memory_reg[6][2]

  Ref  DFF        Ref:/WORK/SYS_TOP/A6/A1/memory_reg[6][3]
  Impl DFF        Imp:/WORK/SYS_TOP/A6/A1/memory_reg[6][3]

  Ref  DFF        Ref:/WORK/SYS_TOP/A6/A1/memory_reg[6][4]
  Impl DFF        Imp:/WORK/SYS_TOP/A6/A1/memory_reg[6][4]

  Ref  DFF        Ref:/WORK/SYS_TOP/A6/A1/memory_reg[6][5]
  Impl DFF        Imp:/WORK/SYS_TOP/A6/A1/memory_reg[6][5]

  Ref  DFF        Ref:/WORK/SYS_TOP/A6/A1/memory_reg[6][6]
  Impl DFF        Imp:/WORK/SYS_TOP/A6/A1/memory_reg[6][6]

  Ref  DFF        Ref:/WORK/SYS_TOP/A6/A1/memory_reg[6][7]
  Impl DFF        Imp:/WORK/SYS_TOP/A6/A1/memory_reg[6][7]

  Ref  DFF        Ref:/WORK/SYS_TOP/A6/A1/memory_reg[7][0]
  Impl DFF        Imp:/WORK/SYS_TOP/A6/A1/memory_reg[7][0]

  Ref  DFF        Ref:/WORK/SYS_TOP/A6/A1/memory_reg[7][1]
  Impl DFF        Imp:/WORK/SYS_TOP/A6/A1/memory_reg[7][1]

  Ref  DFF        Ref:/WORK/SYS_TOP/A6/A1/memory_reg[7][2]
  Impl DFF        Imp:/WORK/SYS_TOP/A6/A1/memory_reg[7][2]

  Ref  DFF        Ref:/WORK/SYS_TOP/A6/A1/memory_reg[7][3]
  Impl DFF        Imp:/WORK/SYS_TOP/A6/A1/memory_reg[7][3]

  Ref  DFF        Ref:/WORK/SYS_TOP/A6/A1/memory_reg[7][4]
  Impl DFF        Imp:/WORK/SYS_TOP/A6/A1/memory_reg[7][4]

  Ref  DFF        Ref:/WORK/SYS_TOP/A6/A1/memory_reg[7][5]
  Impl DFF        Imp:/WORK/SYS_TOP/A6/A1/memory_reg[7][5]

  Ref  DFF        Ref:/WORK/SYS_TOP/A6/A1/memory_reg[7][6]
  Impl DFF        Imp:/WORK/SYS_TOP/A6/A1/memory_reg[7][6]

  Ref  DFF        Ref:/WORK/SYS_TOP/A6/A1/memory_reg[7][7]
  Impl DFF        Imp:/WORK/SYS_TOP/A6/A1/memory_reg[7][7]

  Ref  DFF        Ref:/WORK/SYS_TOP/A6/A2/gray_rd_ptr_reg[0]
  Impl DFF        Imp:/WORK/SYS_TOP/A6/A2/gray_rd_ptr_reg[0]

  Ref  DFF        Ref:/WORK/SYS_TOP/A6/A2/gray_rd_ptr_reg[1]
  Impl DFF        Imp:/WORK/SYS_TOP/A6/A2/gray_rd_ptr_reg[1]

  Ref  DFF        Ref:/WORK/SYS_TOP/A6/A2/gray_rd_ptr_reg[2]
  Impl DFF        Imp:/WORK/SYS_TOP/A6/A2/gray_rd_ptr_reg[2]

  Ref  DFF        Ref:/WORK/SYS_TOP/A6/A2/gray_rd_ptr_reg[3]
  Impl DFF        Imp:/WORK/SYS_TOP/A6/A2/gray_rd_ptr_reg[3]

  Ref  DFF        Ref:/WORK/SYS_TOP/A6/A2/rd_ptr_reg[0]
  Impl DFF        Imp:/WORK/SYS_TOP/A6/A2/rd_ptr_reg[0]

  Ref  DFF        Ref:/WORK/SYS_TOP/A6/A2/rd_ptr_reg[1]
  Impl DFF        Imp:/WORK/SYS_TOP/A6/A2/rd_ptr_reg[1]

  Ref  DFF        Ref:/WORK/SYS_TOP/A6/A2/rd_ptr_reg[2]
  Impl DFF        Imp:/WORK/SYS_TOP/A6/A2/rd_ptr_reg[2]

  Ref  DFF        Ref:/WORK/SYS_TOP/A6/A2/rd_ptr_reg[3]
  Impl DFF        Imp:/WORK/SYS_TOP/A6/A2/rd_ptr_reg[3]

  Ref  DFF        Ref:/WORK/SYS_TOP/A6/A3/sync_reg_reg[0][0]
  Impl DFF        Imp:/WORK/SYS_TOP/A6/A3/sync_reg_reg[0][0]

  Ref  DFF        Ref:/WORK/SYS_TOP/A6/A3/sync_reg_reg[0][1]
  Impl DFF        Imp:/WORK/SYS_TOP/A6/A3/sync_reg_reg[0][1]

  Ref  DFF        Ref:/WORK/SYS_TOP/A6/A3/sync_reg_reg[1][0]
  Impl DFF        Imp:/WORK/SYS_TOP/A6/A3/sync_reg_reg[1][0]

  Ref  DFF        Ref:/WORK/SYS_TOP/A6/A3/sync_reg_reg[1][1]
  Impl DFF        Imp:/WORK/SYS_TOP/A6/A3/sync_reg_reg[1][1]

  Ref  DFF        Ref:/WORK/SYS_TOP/A6/A3/sync_reg_reg[2][0]
  Impl DFF        Imp:/WORK/SYS_TOP/A6/A3/sync_reg_reg[2][0]

  Ref  DFF        Ref:/WORK/SYS_TOP/A6/A3/sync_reg_reg[2][1]
  Impl DFF        Imp:/WORK/SYS_TOP/A6/A3/sync_reg_reg[2][1]

  Ref  DFF        Ref:/WORK/SYS_TOP/A6/A3/sync_reg_reg[3][0]
  Impl DFF        Imp:/WORK/SYS_TOP/A6/A3/sync_reg_reg[3][0]

  Ref  DFF        Ref:/WORK/SYS_TOP/A6/A3/sync_reg_reg[3][1]
  Impl DFF        Imp:/WORK/SYS_TOP/A6/A3/sync_reg_reg[3][1]

  Ref  DFF        Ref:/WORK/SYS_TOP/A6/A4/sync_reg_reg[0][0]
  Impl DFF        Imp:/WORK/SYS_TOP/A6/A4/sync_reg_reg[0][0]

  Ref  DFF        Ref:/WORK/SYS_TOP/A6/A4/sync_reg_reg[0][1]
  Impl DFF        Imp:/WORK/SYS_TOP/A6/A4/sync_reg_reg[0][1]

  Ref  DFF        Ref:/WORK/SYS_TOP/A6/A4/sync_reg_reg[1][0]
  Impl DFF        Imp:/WORK/SYS_TOP/A6/A4/sync_reg_reg[1][0]

  Ref  DFF        Ref:/WORK/SYS_TOP/A6/A4/sync_reg_reg[1][1]
  Impl DFF        Imp:/WORK/SYS_TOP/A6/A4/sync_reg_reg[1][1]

  Ref  DFF        Ref:/WORK/SYS_TOP/A6/A4/sync_reg_reg[2][0]
  Impl DFF        Imp:/WORK/SYS_TOP/A6/A4/sync_reg_reg[2][0]

  Ref  DFF        Ref:/WORK/SYS_TOP/A6/A4/sync_reg_reg[2][1]
  Impl DFF        Imp:/WORK/SYS_TOP/A6/A4/sync_reg_reg[2][1]

  Ref  DFF        Ref:/WORK/SYS_TOP/A6/A4/sync_reg_reg[3][0]
  Impl DFF        Imp:/WORK/SYS_TOP/A6/A4/sync_reg_reg[3][0]

  Ref  DFF        Ref:/WORK/SYS_TOP/A6/A4/sync_reg_reg[3][1]
  Impl DFF        Imp:/WORK/SYS_TOP/A6/A4/sync_reg_reg[3][1]

  Ref  DFF        Ref:/WORK/SYS_TOP/A7/stages_reg[0]
  Impl DFF        Imp:/WORK/SYS_TOP/A7/stages_reg[0]

  Ref  DFF        Ref:/WORK/SYS_TOP/A7/stages_reg[1]
  Impl DFF        Imp:/WORK/SYS_TOP/A7/stages_reg[1]

  Ref  DFF        Ref:/WORK/SYS_TOP/A8/process_reg[0]
  Impl DFF        Imp:/WORK/SYS_TOP/A8/process_reg[0]

  Ref  DFF        Ref:/WORK/SYS_TOP/A8/process_reg[1]
  Impl DFF        Imp:/WORK/SYS_TOP/A8/process_reg[1]

  Ref  DFF        Ref:/WORK/SYS_TOP/A9/U0_data_sampling/Samples_reg[0]
  Impl DFF        Imp:/WORK/SYS_TOP/A9/U0_data_sampling/Samples_reg[0]

  Ref  DFF        Ref:/WORK/SYS_TOP/A9/U0_data_sampling/Samples_reg[1]
  Impl DFF        Imp:/WORK/SYS_TOP/A9/U0_data_sampling/Samples_reg[1]

  Ref  DFF        Ref:/WORK/SYS_TOP/A9/U0_data_sampling/Samples_reg[2]
  Impl DFF        Imp:/WORK/SYS_TOP/A9/U0_data_sampling/Samples_reg[2]

  Ref  DFF        Ref:/WORK/SYS_TOP/A9/U0_data_sampling/sampled_bit_reg
  Impl DFF        Imp:/WORK/SYS_TOP/A9/U0_data_sampling/sampled_bit_reg

  Ref  DFF        Ref:/WORK/SYS_TOP/A9/U0_deserializer/P_DATA_reg[0]
  Impl DFF        Imp:/WORK/SYS_TOP/A9/U0_deserializer/P_DATA_reg[0]

  Ref  DFF        Ref:/WORK/SYS_TOP/A9/U0_deserializer/P_DATA_reg[1]
  Impl DFF        Imp:/WORK/SYS_TOP/A9/U0_deserializer/P_DATA_reg[1]

  Ref  DFF        Ref:/WORK/SYS_TOP/A9/U0_deserializer/P_DATA_reg[2]
  Impl DFF        Imp:/WORK/SYS_TOP/A9/U0_deserializer/P_DATA_reg[2]

  Ref  DFF        Ref:/WORK/SYS_TOP/A9/U0_deserializer/P_DATA_reg[3]
  Impl DFF        Imp:/WORK/SYS_TOP/A9/U0_deserializer/P_DATA_reg[3]

  Ref  DFF        Ref:/WORK/SYS_TOP/A9/U0_deserializer/P_DATA_reg[4]
  Impl DFF        Imp:/WORK/SYS_TOP/A9/U0_deserializer/P_DATA_reg[4]

  Ref  DFF        Ref:/WORK/SYS_TOP/A9/U0_deserializer/P_DATA_reg[5]
  Impl DFF        Imp:/WORK/SYS_TOP/A9/U0_deserializer/P_DATA_reg[5]

  Ref  DFF        Ref:/WORK/SYS_TOP/A9/U0_deserializer/P_DATA_reg[6]
  Impl DFF        Imp:/WORK/SYS_TOP/A9/U0_deserializer/P_DATA_reg[6]

  Ref  DFF        Ref:/WORK/SYS_TOP/A9/U0_deserializer/P_DATA_reg[7]
  Impl DFF        Imp:/WORK/SYS_TOP/A9/U0_deserializer/P_DATA_reg[7]

  Ref  DFF        Ref:/WORK/SYS_TOP/A9/U0_edge_bit_counter/bit_count_reg[0]
  Impl DFF        Imp:/WORK/SYS_TOP/A9/U0_edge_bit_counter/bit_count_reg[0]

  Ref  DFF        Ref:/WORK/SYS_TOP/A9/U0_edge_bit_counter/bit_count_reg[1]
  Impl DFF        Imp:/WORK/SYS_TOP/A9/U0_edge_bit_counter/bit_count_reg[1]

  Ref  DFF        Ref:/WORK/SYS_TOP/A9/U0_edge_bit_counter/bit_count_reg[2]
  Impl DFF        Imp:/WORK/SYS_TOP/A9/U0_edge_bit_counter/bit_count_reg[2]

  Ref  DFF        Ref:/WORK/SYS_TOP/A9/U0_edge_bit_counter/bit_count_reg[3]
  Impl DFF        Imp:/WORK/SYS_TOP/A9/U0_edge_bit_counter/bit_count_reg[3]

  Ref  DFF        Ref:/WORK/SYS_TOP/A9/U0_edge_bit_counter/edge_count_reg[0]
  Impl DFF        Imp:/WORK/SYS_TOP/A9/U0_edge_bit_counter/edge_count_reg[0]

  Ref  DFF        Ref:/WORK/SYS_TOP/A9/U0_edge_bit_counter/edge_count_reg[1]
  Impl DFF        Imp:/WORK/SYS_TOP/A9/U0_edge_bit_counter/edge_count_reg[1]

  Ref  DFF        Ref:/WORK/SYS_TOP/A9/U0_edge_bit_counter/edge_count_reg[2]
  Impl DFF        Imp:/WORK/SYS_TOP/A9/U0_edge_bit_counter/edge_count_reg[2]

  Ref  DFF        Ref:/WORK/SYS_TOP/A9/U0_edge_bit_counter/edge_count_reg[3]
  Impl DFF        Imp:/WORK/SYS_TOP/A9/U0_edge_bit_counter/edge_count_reg[3]

  Ref  DFF        Ref:/WORK/SYS_TOP/A9/U0_edge_bit_counter/edge_count_reg[4]
  Impl DFF        Imp:/WORK/SYS_TOP/A9/U0_edge_bit_counter/edge_count_reg[4]

  Ref  DFF        Ref:/WORK/SYS_TOP/A9/U0_edge_bit_counter/edge_count_reg[5]
  Impl DFF        Imp:/WORK/SYS_TOP/A9/U0_edge_bit_counter/edge_count_reg[5]

  Ref  DFF        Ref:/WORK/SYS_TOP/A9/U0_par_chk/par_err_reg
  Impl DFF        Imp:/WORK/SYS_TOP/A9/U0_par_chk/par_err_reg

  Ref  DFF        Ref:/WORK/SYS_TOP/A9/U0_stp_chk/stp_err_reg
  Impl DFF        Imp:/WORK/SYS_TOP/A9/U0_stp_chk/stp_err_reg

  Ref  DFF        Ref:/WORK/SYS_TOP/A9/U0_strt_chk/strt_glitch_reg
  Impl DFF        Imp:/WORK/SYS_TOP/A9/U0_strt_chk/strt_glitch_reg

  Ref  DFF        Ref:/WORK/SYS_TOP/A9/U0_uart_fsm/current_state_reg[0]
  Impl DFF        Imp:/WORK/SYS_TOP/A9/U0_uart_fsm/current_state_reg[0]

  Ref  DFF        Ref:/WORK/SYS_TOP/A9/U0_uart_fsm/current_state_reg[1]
  Impl DFF        Imp:/WORK/SYS_TOP/A9/U0_uart_fsm/current_state_reg[1]

  Ref  DFF        Ref:/WORK/SYS_TOP/A9/U0_uart_fsm/current_state_reg[2]
  Impl DFF        Imp:/WORK/SYS_TOP/A9/U0_uart_fsm/current_state_reg[2]

  Ref  Port       Ref:/WORK/SYS_TOP/UART_TX_O
  Impl Port       Imp:/WORK/SYS_TOP/UART_TX_O

  Ref  Port       Ref:/WORK/SYS_TOP/framing_error
  Impl Port       Imp:/WORK/SYS_TOP/framing_error

  Ref  Port       Ref:/WORK/SYS_TOP/parity_error
  Impl Port       Imp:/WORK/SYS_TOP/parity_error

 [BBNet: multiply-driven net
  BBPin: black-box pin
  Cut:   cut-point
  DFF:   non-constant DFF register
  DFF0:  constant 0 DFF register
  DFF1:  constant 1 DFF register
  DFFX:  constant X DFF register
  DFF0X: constrained 0X DFF register
  DFF1X: constrained 1X DFF register
  LAT:   non-constant latch register
  LAT0:  constant 0 latch register
  LAT1:  constant 1 latch register
  LATX:  constant X latch register
  LAT0X: constrained 0X latch register
  LAT1X: constrained 1X latch register
  LATCG: clock-gating latch register
  TLA:   transparent latch register
  TLA0X: transparent constrained 0X latch register
  TLA1X: transparent constrained 1X latch register
  Loop:  cycle break point
  Port:  primary (top-level) port
  Und:   undriven signal cut-point
  Unk:   unknown signal cut-point]

1
